[0m2021-04-24 13:33:15 V/Net 1038292395: No BdhSession cache[0m
[0m2021-04-24 13:33:15 V/Net 1038292395: No server list cached.[0m
[92m2021-04-24 13:33:15 I/Net 1038292395: Connected to server 14.215.138.110:8080[0m
[0m2021-04-24 13:33:16 V/Net 1038292395: Send: wtlogin.login[0m
[0m2021-04-24 13:33:17 V/Net 1038292395: Recv: LoginPacketResponse.Success[0m
[92m2021-04-24 13:33:17 I/Net 1038292395: Login successful[0m
[0m2021-04-24 13:33:17 V/Net 1038292395: Send: StatSvc.register[0m
[0m2021-04-24 13:33:17 V/Net 1038292395: Recv: Response(StatSvc.register)[0m
[0m2021-04-24 13:33:17 V/Net 1038292395: Send: StatSvc.register[0m
[92m2021-04-24 13:33:17 I/Net 1038292395: Scheduled key refresh in 5h 55min 0.0s.[0m
[0m2021-04-24 13:33:17 V/Net 1038292395: Recv: Response(StatSvc.register)[0m
[92m2021-04-24 13:33:17 I/Net 1038292395: Awaiting ConfigPushSvc.PushReq.[0m
[92m2021-04-24 13:33:17 I/Net 1038292395: Syncing friend message history...[0m
[92m2021-04-24 13:33:17 I/Net 1038292395: Start loading stranger list...[0m
[0m2021-04-24 13:33:17 V/Net 1038292395: Send: StatSvc.GetDevLoginInfo[0m
[92m2021-04-24 13:33:18 I/Net 1038292395: Start loading friend list...[0m
[0m2021-04-24 13:33:18 V/Net 1038292395: Send: MessageSvc.PbGetMsg[0m
[0m2021-04-24 13:33:19 V/Net 1038292395: Recv: StatSvc.GetDevLoginInfo.Response(deviceList.size=1)[0m
[0m2021-04-24 13:33:19 V/Net 1038292395: Send: OidbSvc.0x5d2_0[0m
[0m2021-04-24 13:33:19 V/Net 1038292395: Send: friendlist.getFriendGroupList[0m
[0m2021-04-24 13:33:19 V/Net 1038292395: Send: OidbSvc.0x496[0m
[0m2021-04-24 13:33:19 V/Net 1038292395: Recv: StrangerList.GetStrangerList.Response(result=0)[0m
[92m2021-04-24 13:33:19 I/Net 1038292395: Successfully loaded stranger list: 0 in total[0m
[92m2021-04-24 13:33:19 I/Net 1038292395: Syncing friend message history: Success.[0m
[0m2021-04-24 13:33:19 V/Net 1038292395: Recv: FriendList.GetFriendGroupList.Response[0m
[0m2021-04-24 13:33:19 V/Net 1038292395: Recv: TroopManagement.GetTroopConfig.Response(true)[0m
[0m2021-04-24 13:33:19 V/Net 1038292395: Loading friend list: 18/18[0m
[92m2021-04-24 13:33:19 I/Net 1038292395: Start loading group list...[0m
[92m2021-04-24 13:33:19 I/Net 1038292395: Successfully loaded friend list: 18 in total[0m
[0m2021-04-24 13:33:19 V/Net 1038292395: Send: friendlist.GetTroopListReqV2[0m
[0m2021-04-24 13:33:20 V/Net 1038292395: Recv: FriendList.GetFriendGroupList.Response[0m
[0m2021-04-24 13:33:20 V/Net 1038292395: Send: friendlist.GetTroopMemberListReq[0m
[0m2021-04-24 13:33:20 V/Net 1038292395: Send: friendlist.GetTroopMemberListReq[0m
[0m2021-04-24 13:33:20 V/Net 1038292395: Send: friendlist.GetTroopMemberListReq[0m
[0m2021-04-24 13:33:20 V/Net 1038292395: Send: friendlist.GetTroopMemberListReq[0m
[0m2021-04-24 13:33:20 V/Net 1038292395: Send: friendlist.GetTroopMemberListReq[0m
[0m2021-04-24 13:33:20 V/Net 1038292395: Send: friendlist.GetTroopMemberListReq[0m
[0m2021-04-24 13:33:20 V/Net 1038292395: Send: friendlist.GetTroopMemberListReq[0m
[96m2021-04-24 13:33:20 D/Net 1038292395: Received unknown commandName: ConfigPushSvc.PushDomain[0m
[0m2021-04-24 13:33:20 V/Net 1038292395: Recv: ConfigPushSvc.PushReq.PushReqResponse.ConfigPush[0m
[0m2021-04-24 13:33:20 V/Net 1038292395: Recv: ConfigPushSvc.PushReq.PushReqResponse.ServerListPush[0m
[92m2021-04-24 13:33:20 I/Net 1038292395: Server list updated.[0m
[0m2021-04-24 13:33:20 V/Net 1038292395: No BdhSession to save to cache[0m
[0m2021-04-24 13:33:20 V/Net 1038292395: Recv: FriendList.GetTroopMemberList.Response[0m
[0m2021-04-24 13:33:20 V/Net 1038292395: Saving server list to cache[0m
[0m2021-04-24 13:33:20 V/Net 1038292395: Recv: FriendList.GetTroopMemberList.Response[0m
[0m2021-04-24 13:33:20 V/Net 1038292395: Send: ConfigPushSvc.PushResp[0m
[92m2021-04-24 13:33:20 I/Net 1038292395: ConfigPushSvc.PushReq: Server updated.[0m
[0m2021-04-24 13:33:20 V/Net 1038292395: Recv: FriendList.GetTroopMemberList.Response[0m
[0m2021-04-24 13:33:20 V/Net 1038292395: Recv: FriendList.GetTroopMemberList.Response[0m
[0m2021-04-24 13:33:20 V/Net 1038292395: Recv: FriendList.GetTroopMemberList.Response[0m
[0m2021-04-24 13:33:20 V/Net 1038292395: Recv: FriendList.GetTroopMemberList.Response[0m
[0m2021-04-24 13:33:20 V/Net 1038292395: Recv: FriendList.GetTroopMemberList.Response[0m
[92m2021-04-24 13:33:20 I/Net 1038292395: Successfully loaded group list: 7 in total.[0m
[0m2021-04-24 13:33:21 V/Net 1038292395: Saving bdh session to cache[0m
[0m2021-04-24 13:33:21 V/Net 1038292395: Send: ConfigPushSvc.PushResp[0m
[0m2021-04-24 13:36:08 V/Net 1038292395: Loading BdhSession from cache file[0m
[0m2021-04-24 13:36:08 V/Net 1038292395: Loading server list from cache.[0m
[92m2021-04-24 13:36:08 I/Net 1038292395: Connected to server 113.96.12.217:14000[0m
[0m2021-04-24 13:36:08 V/Net 1038292395: Send: wtlogin.login[0m
[0m2021-04-24 13:36:08 V/Net 1038292395: Recv: LoginPacketResponse.Success[0m
[92m2021-04-24 13:36:08 I/Net 1038292395: Login successful[0m
[0m2021-04-24 13:36:08 V/Net 1038292395: Send: StatSvc.register[0m
[0m2021-04-24 13:36:09 V/Net 1038292395: Recv: Response(StatSvc.register)[0m
[92m2021-04-24 13:36:09 I/Net 1038292395: Scheduled key refresh in 5h 55min 0.0s.[0m
[0m2021-04-24 13:36:09 V/Net 1038292395: Send: StatSvc.register[0m
[0m2021-04-24 13:36:09 V/Net 1038292395: Recv: Response(StatSvc.register)[0m
[92m2021-04-24 13:36:09 I/Net 1038292395: Awaiting ConfigPushSvc.PushReq.[0m
[92m2021-04-24 13:36:09 I/Net 1038292395: Syncing friend message history...[0m
[92m2021-04-24 13:36:09 I/Net 1038292395: Start loading stranger list...[0m
[92m2021-04-24 13:36:09 I/Net 1038292395: Start loading friend list...[0m
[0m2021-04-24 13:36:09 V/Net 1038292395: Send: StatSvc.GetDevLoginInfo[0m
[0m2021-04-24 13:36:09 V/Net 1038292395: Send: OidbSvc.0x5d2_0[0m
[0m2021-04-24 13:36:09 V/Net 1038292395: Send: MessageSvc.PbGetMsg[0m
[0m2021-04-24 13:36:09 V/Net 1038292395: Send: friendlist.getFriendGroupList[0m
[0m2021-04-24 13:36:09 V/Net 1038292395: Send: OidbSvc.0x496[0m
[0m2021-04-24 13:36:09 V/Net 1038292395: Recv: StatSvc.GetDevLoginInfo.Response(deviceList.size=1)[0m
[0m2021-04-24 13:36:09 V/Net 1038292395: Recv: TroopManagement.GetTroopConfig.Response(true)[0m
[92m2021-04-24 13:36:09 I/Net 1038292395: Start loading group list...[0m
[0m2021-04-24 13:36:09 V/Net 1038292395: Send: friendlist.GetTroopListReqV2[0m
[0m2021-04-24 13:36:09 V/Net 1038292395: Recv: StrangerList.GetStrangerList.Response(result=0)[0m
[92m2021-04-24 13:36:09 I/Net 1038292395: Successfully loaded stranger list: 0 in total[0m
[92m2021-04-24 13:36:09 I/Net 1038292395: Syncing friend message history: Success.[0m
[0m2021-04-24 13:36:09 V/Net 1038292395: Recv: FriendList.GetFriendGroupList.Response[0m
[0m2021-04-24 13:36:09 V/Net 1038292395: Recv: FriendList.GetFriendGroupList.Response[0m
[0m2021-04-24 13:36:09 V/Net 1038292395: Loading friend list: 18/18[0m
[92m2021-04-24 13:36:09 I/Net 1038292395: Successfully loaded friend list: 18 in total[0m
[0m2021-04-24 13:36:09 V/Net 1038292395: Send: friendlist.GetTroopMemberListReq[0m
[0m2021-04-24 13:36:09 V/Net 1038292395: Send: friendlist.GetTroopMemberListReq[0m
[0m2021-04-24 13:36:09 V/Net 1038292395: Send: friendlist.GetTroopMemberListReq[0m
[0m2021-04-24 13:36:09 V/Net 1038292395: Send: friendlist.GetTroopMemberListReq[0m
[0m2021-04-24 13:36:09 V/Net 1038292395: Send: friendlist.GetTroopMemberListReq[0m
[0m2021-04-24 13:36:09 V/Net 1038292395: Send: friendlist.GetTroopMemberListReq[0m
[0m2021-04-24 13:36:09 V/Net 1038292395: Send: friendlist.GetTroopMemberListReq[0m
[0m2021-04-24 13:36:09 V/Net 1038292395: Recv: FriendList.GetTroopMemberList.Response[0m
[0m2021-04-24 13:36:09 V/Net 1038292395: Recv: FriendList.GetTroopMemberList.Response[0m
[0m2021-04-24 13:36:09 V/Net 1038292395: Recv: FriendList.GetTroopMemberList.Response[0m
[0m2021-04-24 13:36:09 V/Net 1038292395: Recv: FriendList.GetTroopMemberList.Response[0m
[0m2021-04-24 13:36:09 V/Net 1038292395: Recv: FriendList.GetTroopMemberList.Response[0m
[0m2021-04-24 13:36:09 V/Net 1038292395: Recv: FriendList.GetTroopMemberList.Response[0m
[0m2021-04-24 13:36:09 V/Net 1038292395: Recv: FriendList.GetTroopMemberList.Response[0m
[92m2021-04-24 13:36:09 I/Net 1038292395: Successfully loaded group list: 7 in total.[0m
[96m2021-04-24 13:36:20 D/Net 1038292395: Received unknown commandName: ConfigPushSvc.PushDomain[0m
[91m2021-04-24 13:36:21 W/Net 1038292395: 等待另一部分包时超时. 将舍弃已接收的半个包[0m
[91m2021-04-24 13:36:29 W/Net 1038292395: Missing ConfigPushSvc.PushReq. Using the latest response. File uploading may be affected.[0m
[91m2021-04-24 13:37:18 W/Net 1038292395: 等待另一部分包时超时. 将舍弃已接收的半个包[0m
[0m2021-04-24 13:38:41 V/Net 1038292395: Loading BdhSession from cache file[0m
[0m2021-04-24 13:38:41 V/Net 1038292395: Loading server list from cache.[0m
[92m2021-04-24 13:38:41 I/Net 1038292395: Connected to server 113.96.12.217:14000[0m
[0m2021-04-24 13:38:41 V/Net 1038292395: Send: wtlogin.login[0m
[0m2021-04-24 13:38:41 V/Net 1038292395: Recv: LoginPacketResponse.Success[0m
[92m2021-04-24 13:38:41 I/Net 1038292395: Login successful[0m
[0m2021-04-24 13:38:41 V/Net 1038292395: Send: StatSvc.register[0m
[0m2021-04-24 13:38:41 V/Net 1038292395: Recv: Response(StatSvc.register)[0m
[92m2021-04-24 13:38:41 I/Net 1038292395: Scheduled key refresh in 5h 55min 0.0s.[0m
[0m2021-04-24 13:38:41 V/Net 1038292395: Send: StatSvc.register[0m
[0m2021-04-24 13:38:41 V/Net 1038292395: Recv: Response(StatSvc.register)[0m
[92m2021-04-24 13:38:41 I/Net 1038292395: Awaiting ConfigPushSvc.PushReq.[0m
[92m2021-04-24 13:38:41 I/Net 1038292395: Syncing friend message history...[0m
[92m2021-04-24 13:38:41 I/Net 1038292395: Start loading stranger list...[0m
[0m2021-04-24 13:38:41 V/Net 1038292395: Send: MessageSvc.PbGetMsg[0m
[92m2021-04-24 13:38:41 I/Net 1038292395: Start loading friend list...[0m
[0m2021-04-24 13:38:41 V/Net 1038292395: Send: OidbSvc.0x5d2_0[0m
[0m2021-04-24 13:38:41 V/Net 1038292395: Send: StatSvc.GetDevLoginInfo[0m
[0m2021-04-24 13:38:41 V/Net 1038292395: Send: OidbSvc.0x496[0m
[0m2021-04-24 13:38:41 V/Net 1038292395: Send: friendlist.getFriendGroupList[0m
[92m2021-04-24 13:38:41 I/Net 1038292395: Syncing friend message history: Success.[0m
[0m2021-04-24 13:38:42 V/Net 1038292395: Recv: TroopManagement.GetTroopConfig.Response(true)[0m
[92m2021-04-24 13:38:42 I/Net 1038292395: Start loading group list...[0m
[0m2021-04-24 13:38:42 V/Net 1038292395: Send: friendlist.GetTroopListReqV2[0m
[0m2021-04-24 13:38:42 V/Net 1038292395: Recv: StrangerList.GetStrangerList.Response(result=0)[0m
[92m2021-04-24 13:38:42 I/Net 1038292395: Successfully loaded stranger list: 0 in total[0m
[0m2021-04-24 13:38:42 V/Net 1038292395: Recv: StatSvc.GetDevLoginInfo.Response(deviceList.size=1)[0m
[0m2021-04-24 13:38:42 V/Net 1038292395: Recv: FriendList.GetFriendGroupList.Response[0m
[0m2021-04-24 13:38:42 V/Net 1038292395: Loading friend list: 18/18[0m
[92m2021-04-24 13:38:42 I/Net 1038292395: Successfully loaded friend list: 18 in total[0m
[0m2021-04-24 13:38:42 V/Net 1038292395: Recv: FriendList.GetFriendGroupList.Response[0m
[0m2021-04-24 13:38:42 V/Net 1038292395: Send: friendlist.GetTroopMemberListReq[0m
[0m2021-04-24 13:38:42 V/Net 1038292395: Send: friendlist.GetTroopMemberListReq[0m
[0m2021-04-24 13:38:42 V/Net 1038292395: Send: friendlist.GetTroopMemberListReq[0m
[0m2021-04-24 13:38:42 V/Net 1038292395: Send: friendlist.GetTroopMemberListReq[0m
[0m2021-04-24 13:38:42 V/Net 1038292395: Send: friendlist.GetTroopMemberListReq[0m
[0m2021-04-24 13:38:42 V/Net 1038292395: Send: friendlist.GetTroopMemberListReq[0m
[0m2021-04-24 13:38:42 V/Net 1038292395: Send: friendlist.GetTroopMemberListReq[0m
[0m2021-04-24 13:38:42 V/Net 1038292395: Recv: FriendList.GetTroopMemberList.Response[0m
[0m2021-04-24 13:38:42 V/Net 1038292395: Recv: FriendList.GetTroopMemberList.Response[0m
[0m2021-04-24 13:38:42 V/Net 1038292395: Recv: FriendList.GetTroopMemberList.Response[0m
[0m2021-04-24 13:38:42 V/Net 1038292395: Recv: FriendList.GetTroopMemberList.Response[0m
[0m2021-04-24 13:38:42 V/Net 1038292395: Recv: FriendList.GetTroopMemberList.Response[0m
[0m2021-04-24 13:38:42 V/Net 1038292395: Recv: FriendList.GetTroopMemberList.Response[0m
[0m2021-04-24 13:38:42 V/Net 1038292395: Recv: FriendList.GetTroopMemberList.Response[0m
[92m2021-04-24 13:38:42 I/Net 1038292395: Successfully loaded group list: 7 in total.[0m
[96m2021-04-24 13:38:44 D/Net 1038292395: Received unknown commandName: ConfigPushSvc.PushDomain[0m
[0m2021-04-24 13:38:44 V/Net 1038292395: Recv: ConfigPushSvc.PushReq.PushReqResponse.ConfigPush[0m
[0m2021-04-24 13:38:44 V/Net 1038292395: Saving bdh session to cache[0m
[0m2021-04-24 13:38:44 V/Net 1038292395: Send: ConfigPushSvc.PushResp[0m
[92m2021-04-24 13:38:44 I/Net 1038292395: ConfigPushSvc.PushReq: Config updated.[0m
[0m2021-04-24 13:43:11 V/Net 1038292395: Send: Heartbeat.Alive[0m
[0m2021-04-24 13:43:11 V/Net 1038292395: Recv: Heartbeat.Alive.Response[0m
[0m2021-04-24 13:47:41 V/Net 1038292395: Send: Heartbeat.Alive[0m
[0m2021-04-24 13:47:42 V/Net 1038292395: Recv: Heartbeat.Alive.Response[0m
[96m2021-04-24 13:52:04 D/Net 1038292395: Transformers528 0x27L: new data: [][0m
[0m2021-04-24 13:52:04 V/Net 1038292395: Send: OnlinePush.RespPush[0m
[0m2021-04-24 13:52:10 V/Net 1038292395: Send: OnlinePush.RespPush[0m
[0m2021-04-24 13:52:12 V/Net 1038292395: Send: Heartbeat.Alive[0m
[0m2021-04-24 13:52:12 V/Net 1038292395: Recv: Heartbeat.Alive.Response[0m
[0m2021-04-24 13:55:26 V/Net 1038292395: Channel closed.[0m
[0m2021-04-24 13:55:26 V/Net 1038292395: Loading BdhSession from cache file[0m
[92m2021-04-24 13:55:27 I/Net 1038292395: Connected to server 125.94.60.161:8080[0m
[0m2021-04-24 13:55:27 V/Net 1038292395: Send: wtlogin.login[0m
[0m2021-04-24 13:55:27 V/Net 1038292395: Recv: LoginPacketResponse.Success[0m
[92m2021-04-24 13:55:27 I/Net 1038292395: Login successful[0m
[0m2021-04-24 13:55:27 V/Net 1038292395: Send: StatSvc.register[0m
[0m2021-04-24 13:55:27 V/Net 1038292395: Recv: Response(StatSvc.register)[0m
[92m2021-04-24 13:55:27 I/Net 1038292395: Scheduled key refresh in 5h 55min 0.0s.[0m
[92m2021-04-24 13:55:28 I/Net 1038292395: Syncing friend message history...[0m
[0m2021-04-24 13:55:28 V/Net 1038292395: Send: MessageSvc.PbGetMsg[0m
[92m2021-04-24 13:55:28 I/Net 1038292395: Syncing friend message history: Success.[0m
[96m2021-04-24 13:55:30 D/Net 1038292395: Received unknown commandName: ConfigPushSvc.PushDomain[0m
[0m2021-04-24 13:55:30 V/Net 1038292395: Recv: ConfigPushSvc.PushReq.PushReqResponse.ConfigPush[0m
[0m2021-04-24 13:55:31 V/Net 1038292395: Saving bdh session to cache[0m
[0m2021-04-24 13:55:31 V/Net 1038292395: Send: ConfigPushSvc.PushResp[0m
[0m2021-04-24 13:59:57 V/Net 1038292395: Send: Heartbeat.Alive[0m
[0m2021-04-24 13:59:58 V/Net 1038292395: Recv: Heartbeat.Alive.Response[0m
[0m2021-04-24 14:04:28 V/Net 1038292395: Send: Heartbeat.Alive[0m
[0m2021-04-24 14:04:28 V/Net 1038292395: Recv: Heartbeat.Alive.Response[0m
[0m2021-04-24 14:08:58 V/Net 1038292395: Send: Heartbeat.Alive[0m
[0m2021-04-24 14:08:58 V/Net 1038292395: Recv: Heartbeat.Alive.Response[0m
[0m2021-04-24 14:12:12 V/Net 1038292395: Channel closed.[0m
[0m2021-04-24 14:12:12 V/Net 1038292395: Loading BdhSession from cache file[0m
[92m2021-04-24 14:12:12 I/Net 1038292395: Connected to server 180.102.110.73:80[0m
[0m2021-04-24 14:12:12 V/Net 1038292395: Send: wtlogin.login[0m
[0m2021-04-24 14:12:12 V/Net 1038292395: Recv: LoginPacketResponse.Success[0m
[92m2021-04-24 14:12:12 I/Net 1038292395: Login successful[0m
[0m2021-04-24 14:12:12 V/Net 1038292395: Send: StatSvc.register[0m
[0m2021-04-24 14:12:13 V/Net 1038292395: Recv: Response(StatSvc.register)[0m
[92m2021-04-24 14:12:13 I/Net 1038292395: Syncing friend message history...[0m
[92m2021-04-24 14:12:13 I/Net 1038292395: Scheduled key refresh in 5h 55min 0.0s.[0m
[0m2021-04-24 14:12:13 V/Net 1038292395: Send: MessageSvc.PbGetMsg[0m
[92m2021-04-24 14:12:13 I/Net 1038292395: Syncing friend message history: Success.[0m
[0m2021-04-24 14:12:15 V/Net 1038292395: Recv: ConfigPushSvc.PushReq.PushReqResponse.ServerListPush[0m
[92m2021-04-24 14:12:15 I/Net 1038292395: Server list updated.[0m
[96m2021-04-24 14:12:15 D/Net 1038292395: Received unknown commandName: ConfigPushSvc.PushDomain[0m
[0m2021-04-24 14:12:16 V/Net 1038292395: Recv: ConfigPushSvc.PushReq.PushReqResponse.ConfigPush[0m
[0m2021-04-24 14:12:16 V/Net 1038292395: Saving bdh session to cache[0m
[0m2021-04-24 14:12:16 V/Net 1038292395: Send: ConfigPushSvc.PushResp[0m
[0m2021-04-24 14:12:16 V/Net 1038292395: Saving bdh session to cache[0m
[0m2021-04-24 14:12:16 V/Net 1038292395: Saving server list to cache[0m
[0m2021-04-24 14:12:16 V/Net 1038292395: Send: ConfigPushSvc.PushResp[0m
[0m2021-04-24 14:16:43 V/Net 1038292395: Send: Heartbeat.Alive[0m
[0m2021-04-24 14:16:43 V/Net 1038292395: Recv: Heartbeat.Alive.Response[0m
[0m2021-04-24 14:21:13 V/Net 1038292395: Send: Heartbeat.Alive[0m
[0m2021-04-24 14:21:13 V/Net 1038292395: Recv: Heartbeat.Alive.Response[0m
[0m2021-04-24 14:25:43 V/Net 1038292395: Send: Heartbeat.Alive[0m
[0m2021-04-24 14:25:43 V/Net 1038292395: Recv: Heartbeat.Alive.Response[0m
[0m2021-04-24 14:28:57 V/Net 1038292395: Channel closed.[0m
[0m2021-04-24 14:28:57 V/Net 1038292395: Loading BdhSession from cache file[0m
[92m2021-04-24 14:28:57 I/Net 1038292395: Connected to server 114.221.148.192:8080[0m
[0m2021-04-24 14:28:57 V/Net 1038292395: Send: wtlogin.login[0m
[0m2021-04-24 14:28:57 V/Net 1038292395: Recv: LoginPacketResponse.Success[0m
[92m2021-04-24 14:28:57 I/Net 1038292395: Login successful[0m
[0m2021-04-24 14:28:57 V/Net 1038292395: Send: StatSvc.register[0m
[0m2021-04-24 14:28:58 V/Net 1038292395: Recv: Response(StatSvc.register)[0m
[92m2021-04-24 14:28:58 I/Net 1038292395: Scheduled key refresh in 5h 55min 0.0s.[0m
[92m2021-04-24 14:28:58 I/Net 1038292395: Syncing friend message history...[0m
[0m2021-04-24 14:28:58 V/Net 1038292395: Send: MessageSvc.PbGetMsg[0m
[92m2021-04-24 14:28:58 I/Net 1038292395: Syncing friend message history: Success.[0m
[96m2021-04-24 14:29:01 D/Net 1038292395: Received unknown commandName: ConfigPushSvc.PushDomain[0m
[0m2021-04-24 14:29:01 V/Net 1038292395: Recv: ConfigPushSvc.PushReq.PushReqResponse.ConfigPush[0m
[0m2021-04-24 14:29:01 V/Net 1038292395: Saving bdh session to cache[0m
[0m2021-04-24 14:29:01 V/Net 1038292395: Send: ConfigPushSvc.PushResp[0m
[0m2021-04-24 14:33:28 V/Net 1038292395: Send: Heartbeat.Alive[0m
[0m2021-04-24 14:33:28 V/Net 1038292395: Recv: Heartbeat.Alive.Response[0m
[0m2021-04-24 14:37:58 V/Net 1038292395: Send: Heartbeat.Alive[0m
[0m2021-04-24 14:37:58 V/Net 1038292395: Recv: Heartbeat.Alive.Response[0m
[0m2021-04-24 14:42:28 V/Net 1038292395: Send: Heartbeat.Alive[0m
[0m2021-04-24 14:42:28 V/Net 1038292395: Recv: Heartbeat.Alive.Response[0m
[0m2021-04-24 14:45:43 V/Net 1038292395: Channel closed.[0m
[0m2021-04-24 14:45:43 V/Net 1038292395: Loading BdhSession from cache file[0m
[92m2021-04-24 14:45:43 I/Net 1038292395: Connected to server 42.81.172.22:443[0m
[0m2021-04-24 14:45:43 V/Net 1038292395: Send: wtlogin.login[0m
[0m2021-04-24 14:45:44 V/Net 1038292395: Recv: Error(title=登录失败, message=服务连接中，请稍后再试。(0x9a), errorInfo=)[0m
[0m2021-04-24 14:45:47 V/Net 1038292395: Loading BdhSession from cache file[0m
[92m2021-04-24 14:45:47 I/Net 1038292395: Connected to server 114.221.148.59:80[0m
[0m2021-04-24 14:45:47 V/Net 1038292395: Send: wtlogin.login[0m
[0m2021-04-24 14:45:47 V/Net 1038292395: Recv: LoginPacketResponse.Success[0m
[92m2021-04-24 14:45:47 I/Net 1038292395: Login successful[0m
[0m2021-04-24 14:45:47 V/Net 1038292395: Send: StatSvc.register[0m
[0m2021-04-24 14:45:47 V/Net 1038292395: Recv: Response(StatSvc.register)[0m
[92m2021-04-24 14:45:47 I/Net 1038292395: Syncing friend message history...[0m
[0m2021-04-24 14:45:47 V/Net 1038292395: Send: MessageSvc.PbGetMsg[0m
[92m2021-04-24 14:45:48 I/Net 1038292395: Scheduled key refresh in 5h 55min 0.0s.[0m
[92m2021-04-24 14:45:48 I/Net 1038292395: Syncing friend message history: Success.[0m
[96m2021-04-24 14:45:50 D/Net 1038292395: Received unknown commandName: ConfigPushSvc.PushDomain[0m
[0m2021-04-24 14:45:51 V/Net 1038292395: Recv: ConfigPushSvc.PushReq.PushReqResponse.ConfigPush[0m
[0m2021-04-24 14:45:51 V/Net 1038292395: Saving bdh session to cache[0m
[0m2021-04-24 14:45:51 V/Net 1038292395: Send: ConfigPushSvc.PushResp[0m
[0m2021-04-24 14:50:18 V/Net 1038292395: Send: Heartbeat.Alive[0m
[0m2021-04-24 14:50:18 V/Net 1038292395: Recv: Heartbeat.Alive.Response[0m
[0m2021-04-24 14:54:48 V/Net 1038292395: Send: Heartbeat.Alive[0m
[0m2021-04-24 14:54:48 V/Net 1038292395: Recv: Heartbeat.Alive.Response[0m
[0m2021-04-24 14:59:18 V/Net 1038292395: Send: Heartbeat.Alive[0m
[0m2021-04-24 14:59:18 V/Net 1038292395: Recv: Heartbeat.Alive.Response[0m
[0m2021-04-24 15:02:33 V/Net 1038292395: Channel closed.[0m
[0m2021-04-24 15:02:33 V/Net 1038292395: Loading BdhSession from cache file[0m
[92m2021-04-24 15:02:33 I/Net 1038292395: Connected to server 114.221.148.13:443[0m
[0m2021-04-24 15:02:33 V/Net 1038292395: Send: wtlogin.login[0m
[0m2021-04-24 15:02:33 V/Net 1038292395: Recv: LoginPacketResponse.Success[0m
[92m2021-04-24 15:02:33 I/Net 1038292395: Login successful[0m
[0m2021-04-24 15:02:33 V/Net 1038292395: Send: StatSvc.register[0m
[0m2021-04-24 15:02:34 V/Net 1038292395: Recv: Response(StatSvc.register)[0m
[92m2021-04-24 15:02:34 I/Net 1038292395: Syncing friend message history...[0m
[92m2021-04-24 15:02:34 I/Net 1038292395: Scheduled key refresh in 5h 55min 0.0s.[0m
[0m2021-04-24 15:02:34 V/Net 1038292395: Send: MessageSvc.PbGetMsg[0m
[92m2021-04-24 15:02:34 I/Net 1038292395: Syncing friend message history: Success.[0m
[96m2021-04-24 15:02:37 D/Net 1038292395: Received unknown commandName: ConfigPushSvc.PushDomain[0m
[0m2021-04-24 15:02:37 V/Net 1038292395: Recv: ConfigPushSvc.PushReq.PushReqResponse.ConfigPush[0m
[0m2021-04-24 15:02:37 V/Net 1038292395: Saving bdh session to cache[0m
[0m2021-04-24 15:02:37 V/Net 1038292395: Send: ConfigPushSvc.PushResp[0m
[0m2021-04-24 15:07:04 V/Net 1038292395: Send: Heartbeat.Alive[0m
[0m2021-04-24 15:07:04 V/Net 1038292395: Recv: Heartbeat.Alive.Response[0m
[0m2021-04-24 15:11:34 V/Net 1038292395: Send: Heartbeat.Alive[0m
[0m2021-04-24 15:11:34 V/Net 1038292395: Recv: Heartbeat.Alive.Response[0m
[0m2021-04-24 15:16:04 V/Net 1038292395: Send: Heartbeat.Alive[0m
[0m2021-04-24 15:16:04 V/Net 1038292395: Recv: Heartbeat.Alive.Response[0m
[0m2021-04-24 15:19:19 V/Net 1038292395: Channel closed.[0m
[0m2021-04-24 15:19:19 V/Net 1038292395: Loading BdhSession from cache file[0m
[92m2021-04-24 15:19:19 I/Net 1038292395: Connected to server 14.215.138.110:443[0m
[0m2021-04-24 15:19:19 V/Net 1038292395: Send: wtlogin.login[0m
[0m2021-04-24 15:19:19 V/Net 1038292395: Recv: LoginPacketResponse.Success[0m
[92m2021-04-24 15:19:19 I/Net 1038292395: Login successful[0m
[0m2021-04-24 15:19:19 V/Net 1038292395: Send: StatSvc.register[0m
[0m2021-04-24 15:19:19 V/Net 1038292395: Recv: Response(StatSvc.register)[0m
[92m2021-04-24 15:19:19 I/Net 1038292395: Scheduled key refresh in 5h 55min 0.0s.[0m
[92m2021-04-24 15:19:19 I/Net 1038292395: Syncing friend message history...[0m
[0m2021-04-24 15:19:19 V/Net 1038292395: Send: MessageSvc.PbGetMsg[0m
[92m2021-04-24 15:19:19 I/Net 1038292395: Syncing friend message history: Success.[0m
[0m2021-04-24 15:19:22 V/Net 1038292395: Recv: ConfigPushSvc.PushReq.PushReqResponse.ServerListPush[0m
[92m2021-04-24 15:19:22 I/Net 1038292395: Server list updated.[0m
[0m2021-04-24 15:19:22 V/Net 1038292395: Recv: ConfigPushSvc.PushReq.PushReqResponse.ConfigPush[0m
[96m2021-04-24 15:19:22 D/Net 1038292395: Received unknown commandName: ConfigPushSvc.PushDomain[0m
[0m2021-04-24 15:19:23 V/Net 1038292395: Saving bdh session to cache[0m
[0m2021-04-24 15:19:23 V/Net 1038292395: Saving server list to cache[0m
[0m2021-04-24 15:19:23 V/Net 1038292395: Send: ConfigPushSvc.PushResp[0m
[0m2021-04-24 15:19:23 V/Net 1038292395: Saving bdh session to cache[0m
[0m2021-04-24 15:19:23 V/Net 1038292395: Send: ConfigPushSvc.PushResp[0m
[0m2021-04-24 15:23:49 V/Net 1038292395: Send: Heartbeat.Alive[0m
[0m2021-04-24 15:23:49 V/Net 1038292395: Recv: Heartbeat.Alive.Response[0m
[0m2021-04-24 15:28:19 V/Net 1038292395: Send: Heartbeat.Alive[0m
[0m2021-04-24 15:28:19 V/Net 1038292395: Recv: Heartbeat.Alive.Response[0m
[0m2021-04-24 15:32:49 V/Net 1038292395: Send: Heartbeat.Alive[0m
[0m2021-04-24 15:32:49 V/Net 1038292395: Recv: Heartbeat.Alive.Response[0m
[0m2021-04-24 15:36:05 V/Net 1038292395: Channel closed.[0m
[0m2021-04-24 15:36:05 V/Net 1038292395: Loading BdhSession from cache file[0m
[92m2021-04-24 15:36:05 I/Net 1038292395: Connected to server 113.96.12.27:14000[0m
[0m2021-04-24 15:36:05 V/Net 1038292395: Send: wtlogin.login[0m
[0m2021-04-24 15:36:05 V/Net 1038292395: Recv: LoginPacketResponse.Success[0m
[92m2021-04-24 15:36:05 I/Net 1038292395: Login successful[0m
[0m2021-04-24 15:36:05 V/Net 1038292395: Send: StatSvc.register[0m
[0m2021-04-24 15:36:05 V/Net 1038292395: Recv: Response(StatSvc.register)[0m
[92m2021-04-24 15:36:05 I/Net 1038292395: Scheduled key refresh in 5h 55min 0.0s.[0m
[92m2021-04-24 15:36:05 I/Net 1038292395: Syncing friend message history...[0m
[0m2021-04-24 15:36:05 V/Net 1038292395: Send: MessageSvc.PbGetMsg[0m
[92m2021-04-24 15:36:05 I/Net 1038292395: Syncing friend message history: Success.[0m
[96m2021-04-24 15:36:08 D/Net 1038292395: Received unknown commandName: ConfigPushSvc.PushDomain[0m
[0m2021-04-24 15:36:08 V/Net 1038292395: Recv: ConfigPushSvc.PushReq.PushReqResponse.ConfigPush[0m
[0m2021-04-24 15:36:08 V/Net 1038292395: Saving bdh session to cache[0m
[0m2021-04-24 15:36:08 V/Net 1038292395: Send: ConfigPushSvc.PushResp[0m
[0m2021-04-24 15:40:35 V/Net 1038292395: Send: Heartbeat.Alive[0m
[0m2021-04-24 15:40:35 V/Net 1038292395: Recv: Heartbeat.Alive.Response[0m
[0m2021-04-24 15:45:05 V/Net 1038292395: Send: Heartbeat.Alive[0m
[0m2021-04-24 15:45:05 V/Net 1038292395: Recv: Heartbeat.Alive.Response[0m
[0m2021-04-24 15:49:35 V/Net 1038292395: Send: Heartbeat.Alive[0m
[0m2021-04-24 15:49:35 V/Net 1038292395: Recv: Heartbeat.Alive.Response[0m
[0m2021-04-24 15:52:50 V/Net 1038292395: Channel closed.[0m
[0m2021-04-24 15:52:50 V/Net 1038292395: Loading BdhSession from cache file[0m
[92m2021-04-24 15:52:50 I/Net 1038292395: Connected to server 113.96.13.79:443[0m
[0m2021-04-24 15:52:50 V/Net 1038292395: Send: wtlogin.login[0m
[0m2021-04-24 15:52:50 V/Net 1038292395: Recv: LoginPacketResponse.Success[0m
[92m2021-04-24 15:52:50 I/Net 1038292395: Login successful[0m
[0m2021-04-24 15:52:50 V/Net 1038292395: Send: StatSvc.register[0m
[0m2021-04-24 15:52:50 V/Net 1038292395: Recv: Response(StatSvc.register)[0m
[92m2021-04-24 15:52:50 I/Net 1038292395: Scheduled key refresh in 5h 55min 0.0s.[0m
[92m2021-04-24 15:52:50 I/Net 1038292395: Syncing friend message history...[0m
[0m2021-04-24 15:52:50 V/Net 1038292395: Send: MessageSvc.PbGetMsg[0m
[92m2021-04-24 15:52:50 I/Net 1038292395: Syncing friend message history: Success.[0m
[0m2021-04-24 15:52:53 V/Net 1038292395: Recv: ConfigPushSvc.PushReq.PushReqResponse.ConfigPush[0m
[96m2021-04-24 15:52:53 D/Net 1038292395: Received unknown commandName: ConfigPushSvc.PushDomain[0m
[0m2021-04-24 15:52:53 V/Net 1038292395: Saving bdh session to cache[0m
[0m2021-04-24 15:52:53 V/Net 1038292395: Send: ConfigPushSvc.PushResp[0m
[0m2021-04-24 15:57:20 V/Net 1038292395: Send: Heartbeat.Alive[0m
[0m2021-04-24 15:57:20 V/Net 1038292395: Recv: Heartbeat.Alive.Response[0m
[0m2021-04-24 16:01:50 V/Net 1038292395: Send: Heartbeat.Alive[0m
[0m2021-04-24 16:01:50 V/Net 1038292395: Recv: Heartbeat.Alive.Response[0m
[0m2021-04-24 16:06:20 V/Net 1038292395: Send: Heartbeat.Alive[0m
[0m2021-04-24 16:06:20 V/Net 1038292395: Recv: Heartbeat.Alive.Response[0m
[0m2021-04-24 16:09:35 V/Net 1038292395: Channel closed.[0m
[0m2021-04-24 16:09:35 V/Net 1038292395: Loading BdhSession from cache file[0m
[92m2021-04-24 16:09:35 I/Net 1038292395: Connected to server 42.81.184.69:443[0m
[0m2021-04-24 16:09:35 V/Net 1038292395: Send: wtlogin.login[0m
[0m2021-04-24 16:09:35 V/Net 1038292395: Recv: LoginPacketResponse.Success[0m
[92m2021-04-24 16:09:35 I/Net 1038292395: Login successful[0m
[0m2021-04-24 16:09:35 V/Net 1038292395: Send: StatSvc.register[0m
[0m2021-04-24 16:09:36 V/Net 1038292395: Recv: Response(StatSvc.register)[0m
[92m2021-04-24 16:09:36 I/Net 1038292395: Scheduled key refresh in 5h 55min 0.0s.[0m
[92m2021-04-24 16:09:36 I/Net 1038292395: Syncing friend message history...[0m
[0m2021-04-24 16:09:36 V/Net 1038292395: Send: MessageSvc.PbGetMsg[0m
[92m2021-04-24 16:09:36 I/Net 1038292395: Syncing friend message history: Success.[0m
[0m2021-04-24 16:09:38 V/Net 1038292395: Recv: ConfigPushSvc.PushReq.PushReqResponse.ServerListPush[0m
[92m2021-04-24 16:09:38 I/Net 1038292395: Server list updated.[0m
[0m2021-04-24 16:09:38 V/Net 1038292395: Saving bdh session to cache[0m
[0m2021-04-24 16:09:38 V/Net 1038292395: Saving server list to cache[0m
[0m2021-04-24 16:09:39 V/Net 1038292395: Send: ConfigPushSvc.PushResp[0m
[96m2021-04-24 16:09:39 D/Net 1038292395: Received unknown commandName: ConfigPushSvc.PushDomain[0m
[0m2021-04-24 16:09:39 V/Net 1038292395: Recv: ConfigPushSvc.PushReq.PushReqResponse.ConfigPush[0m
[0m2021-04-24 16:09:39 V/Net 1038292395: Saving bdh session to cache[0m
[0m2021-04-24 16:09:39 V/Net 1038292395: Send: ConfigPushSvc.PushResp[0m
[0m2021-04-24 16:14:06 V/Net 1038292395: Send: Heartbeat.Alive[0m
[0m2021-04-24 16:14:06 V/Net 1038292395: Recv: Heartbeat.Alive.Response[0m
[0m2021-04-24 16:18:36 V/Net 1038292395: Send: Heartbeat.Alive[0m
[0m2021-04-24 16:18:36 V/Net 1038292395: Recv: Heartbeat.Alive.Response[0m
[0m2021-04-24 16:23:06 V/Net 1038292395: Send: Heartbeat.Alive[0m
[0m2021-04-24 16:23:06 V/Net 1038292395: Recv: Heartbeat.Alive.Response[0m
[0m2021-04-24 16:26:21 V/Net 1038292395: Channel closed.[0m
[0m2021-04-24 16:26:21 V/Net 1038292395: Loading BdhSession from cache file[0m
[92m2021-04-24 16:26:21 I/Net 1038292395: Connected to server 42.81.172.215:443[0m
[0m2021-04-24 16:26:21 V/Net 1038292395: Send: wtlogin.login[0m
[0m2021-04-24 16:26:22 V/Net 1038292395: Recv: LoginPacketResponse.Success[0m
[92m2021-04-24 16:26:22 I/Net 1038292395: Login successful[0m
[0m2021-04-24 16:26:22 V/Net 1038292395: Send: StatSvc.register[0m
[0m2021-04-24 16:26:22 V/Net 1038292395: Recv: Response(StatSvc.register)[0m
[92m2021-04-24 16:26:22 I/Net 1038292395: Syncing friend message history...[0m
[0m2021-04-24 16:26:22 V/Net 1038292395: Send: MessageSvc.PbGetMsg[0m
[92m2021-04-24 16:26:22 I/Net 1038292395: Scheduled key refresh in 5h 55min 0.0s.[0m
[92m2021-04-24 16:26:22 I/Net 1038292395: Syncing friend message history: Success.[0m
[96m2021-04-24 16:26:25 D/Net 1038292395: Received unknown commandName: ConfigPushSvc.PushDomain[0m
[0m2021-04-24 16:26:25 V/Net 1038292395: Recv: ConfigPushSvc.PushReq.PushReqResponse.ConfigPush[0m
[0m2021-04-24 16:26:25 V/Net 1038292395: Saving bdh session to cache[0m
[0m2021-04-24 16:26:25 V/Net 1038292395: Send: ConfigPushSvc.PushResp[0m
[0m2021-04-24 16:30:52 V/Net 1038292395: Send: Heartbeat.Alive[0m
[0m2021-04-24 16:30:52 V/Net 1038292395: Recv: Heartbeat.Alive.Response[0m
[0m2021-04-24 16:35:22 V/Net 1038292395: Send: Heartbeat.Alive[0m
[0m2021-04-24 16:35:22 V/Net 1038292395: Recv: Heartbeat.Alive.Response[0m
[0m2021-04-24 16:39:52 V/Net 1038292395: Send: Heartbeat.Alive[0m
[0m2021-04-24 16:39:52 V/Net 1038292395: Recv: Heartbeat.Alive.Response[0m
[0m2021-04-24 16:43:06 V/Net 1038292395: Channel closed.[0m
[0m2021-04-24 16:43:06 V/Net 1038292395: Loading BdhSession from cache file[0m
[92m2021-04-24 16:43:06 I/Net 1038292395: Connected to server 14.215.138.110:14000[0m
[0m2021-04-24 16:43:06 V/Net 1038292395: Send: wtlogin.login[0m
[0m2021-04-24 16:43:06 V/Net 1038292395: Recv: LoginPacketResponse.Success[0m
[92m2021-04-24 16:43:06 I/Net 1038292395: Login successful[0m
[0m2021-04-24 16:43:06 V/Net 1038292395: Send: StatSvc.register[0m
[0m2021-04-24 16:43:06 V/Net 1038292395: Recv: Response(StatSvc.register)[0m
[92m2021-04-24 16:43:06 I/Net 1038292395: Scheduled key refresh in 5h 55min 0.0s.[0m
[92m2021-04-24 16:43:06 I/Net 1038292395: Syncing friend message history...[0m
[0m2021-04-24 16:43:06 V/Net 1038292395: Send: MessageSvc.PbGetMsg[0m
[92m2021-04-24 16:43:06 I/Net 1038292395: Syncing friend message history: Success.[0m
[0m2021-04-24 16:43:09 V/Net 1038292395: Recv: ConfigPushSvc.PushReq.PushReqResponse.ServerListPush[0m
[92m2021-04-24 16:43:09 I/Net 1038292395: Server list updated.[0m
[96m2021-04-24 16:43:10 D/Net 1038292395: Received unknown commandName: ConfigPushSvc.PushDomain[0m
[0m2021-04-24 16:43:10 V/Net 1038292395: Recv: ConfigPushSvc.PushReq.PushReqResponse.ConfigPush[0m
[0m2021-04-24 16:43:10 V/Net 1038292395: Saving bdh session to cache[0m
[0m2021-04-24 16:43:10 V/Net 1038292395: Saving bdh session to cache[0m
[0m2021-04-24 16:43:10 V/Net 1038292395: Saving server list to cache[0m
[0m2021-04-24 16:43:10 V/Net 1038292395: Send: ConfigPushSvc.PushResp[0m
[0m2021-04-24 16:43:10 V/Net 1038292395: Send: ConfigPushSvc.PushResp[0m
[0m2021-04-24 16:47:36 V/Net 1038292395: Send: Heartbeat.Alive[0m
[0m2021-04-24 16:47:36 V/Net 1038292395: Recv: Heartbeat.Alive.Response[0m
[0m2021-04-24 16:52:06 V/Net 1038292395: Send: Heartbeat.Alive[0m
[0m2021-04-24 16:52:06 V/Net 1038292395: Recv: Heartbeat.Alive.Response[0m
[0m2021-04-24 16:56:36 V/Net 1038292395: Send: Heartbeat.Alive[0m
[0m2021-04-24 16:56:36 V/Net 1038292395: Recv: Heartbeat.Alive.Response[0m
[0m2021-04-24 16:59:51 V/Net 1038292395: Channel closed.[0m
[0m2021-04-24 16:59:51 V/Net 1038292395: Loading BdhSession from cache file[0m
[92m2021-04-24 16:59:51 I/Net 1038292395: Connected to server 42.81.172.215:443[0m
[0m2021-04-24 16:59:51 V/Net 1038292395: Send: wtlogin.login[0m
[0m2021-04-24 16:59:51 V/Net 1038292395: Recv: Error(title=登录失败, message=服务连接中，请稍后再试。(0x9a), errorInfo=)[0m
[0m2021-04-24 16:59:54 V/Net 1038292395: Loading BdhSession from cache file[0m
[92m2021-04-24 16:59:54 I/Net 1038292395: Connected to server 113.96.12.224:14000[0m
[0m2021-04-24 16:59:55 V/Net 1038292395: Send: wtlogin.login[0m
[0m2021-04-24 16:59:55 V/Net 1038292395: Recv: LoginPacketResponse.Success[0m
[92m2021-04-24 16:59:55 I/Net 1038292395: Login successful[0m
[0m2021-04-24 16:59:55 V/Net 1038292395: Send: StatSvc.register[0m
[0m2021-04-24 16:59:55 V/Net 1038292395: Recv: Response(StatSvc.register)[0m
[92m2021-04-24 16:59:55 I/Net 1038292395: Scheduled key refresh in 5h 55min 0.0s.[0m
[92m2021-04-24 16:59:55 I/Net 1038292395: Syncing friend message history...[0m
[0m2021-04-24 16:59:55 V/Net 1038292395: Send: MessageSvc.PbGetMsg[0m
[92m2021-04-24 16:59:55 I/Net 1038292395: Syncing friend message history: Success.[0m
[96m2021-04-24 16:59:58 D/Net 1038292395: Received unknown commandName: ConfigPushSvc.PushDomain[0m
[0m2021-04-24 16:59:58 V/Net 1038292395: Recv: ConfigPushSvc.PushReq.PushReqResponse.ConfigPush[0m
[0m2021-04-24 16:59:58 V/Net 1038292395: Saving bdh session to cache[0m
[0m2021-04-24 16:59:58 V/Net 1038292395: Send: ConfigPushSvc.PushResp[0m
[0m2021-04-24 17:04:25 V/Net 1038292395: Send: Heartbeat.Alive[0m
[0m2021-04-24 17:04:25 V/Net 1038292395: Recv: Heartbeat.Alive.Response[0m
[0m2021-04-24 17:08:55 V/Net 1038292395: Send: Heartbeat.Alive[0m
[0m2021-04-24 17:08:55 V/Net 1038292395: Recv: Heartbeat.Alive.Response[0m
[0m2021-04-24 17:13:25 V/Net 1038292395: Send: Heartbeat.Alive[0m
[0m2021-04-24 17:13:25 V/Net 1038292395: Recv: Heartbeat.Alive.Response[0m
[0m2021-04-24 17:16:40 V/Net 1038292395: Channel closed.[0m
[0m2021-04-24 17:16:40 V/Net 1038292395: Loading BdhSession from cache file[0m
[92m2021-04-24 17:16:40 I/Net 1038292395: Connected to server 42.81.192.198:443[0m
[0m2021-04-24 17:16:40 V/Net 1038292395: Send: wtlogin.login[0m
[0m2021-04-24 17:16:41 V/Net 1038292395: Recv: LoginPacketResponse.Success[0m
[92m2021-04-24 17:16:41 I/Net 1038292395: Login successful[0m
[0m2021-04-24 17:16:41 V/Net 1038292395: Send: StatSvc.register[0m
[0m2021-04-24 17:16:41 V/Net 1038292395: Recv: Response(StatSvc.register)[0m
[92m2021-04-24 17:16:41 I/Net 1038292395: Syncing friend message history...[0m
[0m2021-04-24 17:16:41 V/Net 1038292395: Send: MessageSvc.PbGetMsg[0m
[92m2021-04-24 17:16:41 I/Net 1038292395: Scheduled key refresh in 5h 55min 0.0s.[0m
[92m2021-04-24 17:16:41 I/Net 1038292395: Syncing friend message history: Success.[0m
[0m2021-04-24 17:16:44 V/Net 1038292395: Recv: ConfigPushSvc.PushReq.PushReqResponse.ServerListPush[0m
[92m2021-04-24 17:16:44 I/Net 1038292395: Server list updated.[0m
[0m2021-04-24 17:16:44 V/Net 1038292395: Saving bdh session to cache[0m
[0m2021-04-24 17:16:44 V/Net 1038292395: Saving server list to cache[0m
[0m2021-04-24 17:16:44 V/Net 1038292395: Send: ConfigPushSvc.PushResp[0m
[96m2021-04-24 17:16:44 D/Net 1038292395: Received unknown commandName: ConfigPushSvc.PushDomain[0m
[0m2021-04-24 17:16:44 V/Net 1038292395: Recv: ConfigPushSvc.PushReq.PushReqResponse.ConfigPush[0m
[0m2021-04-24 17:16:44 V/Net 1038292395: Saving bdh session to cache[0m
[0m2021-04-24 17:16:44 V/Net 1038292395: Send: ConfigPushSvc.PushResp[0m
[0m2021-04-24 17:21:11 V/Net 1038292395: Send: Heartbeat.Alive[0m
[0m2021-04-24 17:21:11 V/Net 1038292395: Recv: Heartbeat.Alive.Response[0m
[0m2021-04-24 17:25:41 V/Net 1038292395: Send: Heartbeat.Alive[0m
[0m2021-04-24 17:25:41 V/Net 1038292395: Recv: Heartbeat.Alive.Response[0m
[0m2021-04-24 17:30:11 V/Net 1038292395: Send: Heartbeat.Alive[0m
[0m2021-04-24 17:30:11 V/Net 1038292395: Recv: Heartbeat.Alive.Response[0m
[0m2021-04-24 17:33:26 V/Net 1038292395: Channel closed.[0m
[0m2021-04-24 17:33:26 V/Net 1038292395: Loading BdhSession from cache file[0m
[92m2021-04-24 17:33:26 I/Net 1038292395: Connected to server 42.81.169.46:443[0m
[0m2021-04-24 17:33:26 V/Net 1038292395: Send: wtlogin.login[0m
[0m2021-04-24 17:33:27 V/Net 1038292395: Recv: LoginPacketResponse.Success[0m
[92m2021-04-24 17:33:27 I/Net 1038292395: Login successful[0m
[0m2021-04-24 17:33:27 V/Net 1038292395: Send: StatSvc.register[0m
[0m2021-04-24 17:33:27 V/Net 1038292395: Recv: Response(StatSvc.register)[0m
[92m2021-04-24 17:33:27 I/Net 1038292395: Scheduled key refresh in 5h 55min 0.0s.[0m
[92m2021-04-24 17:33:27 I/Net 1038292395: Syncing friend message history...[0m
[0m2021-04-24 17:33:27 V/Net 1038292395: Send: MessageSvc.PbGetMsg[0m
[92m2021-04-24 17:33:27 I/Net 1038292395: Syncing friend message history: Success.[0m
[96m2021-04-24 17:33:30 D/Net 1038292395: Received unknown commandName: ConfigPushSvc.PushDomain[0m
[0m2021-04-24 17:33:30 V/Net 1038292395: Recv: ConfigPushSvc.PushReq.PushReqResponse.ConfigPush[0m
[0m2021-04-24 17:33:30 V/Net 1038292395: Saving bdh session to cache[0m
[0m2021-04-24 17:33:30 V/Net 1038292395: Send: ConfigPushSvc.PushResp[0m
[0m2021-04-24 17:37:57 V/Net 1038292395: Send: Heartbeat.Alive[0m
[0m2021-04-24 17:37:57 V/Net 1038292395: Recv: Heartbeat.Alive.Response[0m
[0m2021-04-24 17:42:27 V/Net 1038292395: Send: Heartbeat.Alive[0m
[0m2021-04-24 17:42:27 V/Net 1038292395: Recv: Heartbeat.Alive.Response[0m
[0m2021-04-24 17:46:57 V/Net 1038292395: Send: Heartbeat.Alive[0m
[0m2021-04-24 17:46:57 V/Net 1038292395: Recv: Heartbeat.Alive.Response[0m
[0m2021-04-24 17:50:11 V/Net 1038292395: Channel closed.[0m
[0m2021-04-24 17:50:11 V/Net 1038292395: Loading BdhSession from cache file[0m
[92m2021-04-24 17:50:11 I/Net 1038292395: Connected to server 42.81.170.51:80[0m
[0m2021-04-24 17:50:11 V/Net 1038292395: Send: wtlogin.login[0m
[0m2021-04-24 17:50:11 V/Net 1038292395: Recv: LoginPacketResponse.Success[0m
[92m2021-04-24 17:50:11 I/Net 1038292395: Login successful[0m
[0m2021-04-24 17:50:11 V/Net 1038292395: Send: StatSvc.register[0m
[0m2021-04-24 17:50:12 V/Net 1038292395: Recv: Response(StatSvc.register)[0m
[92m2021-04-24 17:50:12 I/Net 1038292395: Scheduled key refresh in 5h 55min 0.0s.[0m
[92m2021-04-24 17:50:12 I/Net 1038292395: Syncing friend message history...[0m
[0m2021-04-24 17:50:12 V/Net 1038292395: Send: MessageSvc.PbGetMsg[0m
[92m2021-04-24 17:50:12 I/Net 1038292395: Syncing friend message history: Success.[0m
[96m2021-04-24 17:50:20 D/Net 1038292395: Received unknown commandName: ConfigPushSvc.PushDomain[0m
[0m2021-04-24 17:50:20 V/Net 1038292395: Recv: ConfigPushSvc.PushReq.PushReqResponse.ConfigPush[0m
[0m2021-04-24 17:50:20 V/Net 1038292395: Saving bdh session to cache[0m
[0m2021-04-24 17:50:20 V/Net 1038292395: Send: ConfigPushSvc.PushResp[0m
[0m2021-04-24 17:54:42 V/Net 1038292395: Send: Heartbeat.Alive[0m
[0m2021-04-24 17:54:42 V/Net 1038292395: Recv: Heartbeat.Alive.Response[0m
[0m2021-04-24 17:59:12 V/Net 1038292395: Send: Heartbeat.Alive[0m
[0m2021-04-24 17:59:12 V/Net 1038292395: Recv: Heartbeat.Alive.Response[0m
[0m2021-04-24 18:03:42 V/Net 1038292395: Send: Heartbeat.Alive[0m
[0m2021-04-24 18:03:42 V/Net 1038292395: Recv: Heartbeat.Alive.Response[0m
[0m2021-04-24 18:09:23 V/Net 1038292395: Loading BdhSession from cache file[0m
[0m2021-04-24 18:09:25 V/Net 1038292395: Loading server list from cache.[0m
[92m2021-04-24 18:09:28 I/Net 1038292395: Connected to server 113.96.13.208:8080[0m
[0m2021-04-24 18:09:30 V/Net 1038292395: Send: wtlogin.login[0m
[0m2021-04-24 18:09:31 V/Net 1038292395: Recv: LoginPacketResponse.Success[0m
[92m2021-04-24 18:09:31 I/Net 1038292395: Login successful[0m
[0m2021-04-24 18:09:32 V/Net 1038292395: Send: StatSvc.register[0m
[0m2021-04-24 18:09:32 V/Net 1038292395: Recv: Response(StatSvc.register)[0m
[0m2021-04-24 18:09:32 V/Net 1038292395: Send: StatSvc.register[0m
[92m2021-04-24 18:09:32 I/Net 1038292395: Scheduled key refresh in 5h 55min 0.0s.[0m
[0m2021-04-24 18:09:32 V/Net 1038292395: Recv: Response(StatSvc.register)[0m
[92m2021-04-24 18:09:32 I/Net 1038292395: Awaiting ConfigPushSvc.PushReq.[0m
[92m2021-04-24 18:09:32 I/Net 1038292395: Syncing friend message history...[0m
[92m2021-04-24 18:09:32 I/Net 1038292395: Start loading stranger list...[0m
[92m2021-04-24 18:09:33 I/Net 1038292395: Start loading friend list...[0m
[0m2021-04-24 18:09:33 V/Net 1038292395: Send: StatSvc.GetDevLoginInfo[0m
[0m2021-04-24 18:09:33 V/Net 1038292395: Send: MessageSvc.PbGetMsg[0m
[0m2021-04-24 18:09:34 V/Net 1038292395: Recv: StatSvc.GetDevLoginInfo.Response(deviceList.size=1)[0m
[0m2021-04-24 18:09:34 V/Net 1038292395: Send: OidbSvc.0x496[0m
[0m2021-04-24 18:09:34 V/Net 1038292395: Send: OidbSvc.0x5d2_0[0m
[0m2021-04-24 18:09:34 V/Net 1038292395: Send: friendlist.getFriendGroupList[0m
[0m2021-04-24 18:09:34 V/Net 1038292395: Recv: StrangerList.GetStrangerList.Response(result=0)[0m
[92m2021-04-24 18:09:34 I/Net 1038292395: Successfully loaded stranger list: 0 in total[0m
[92m2021-04-24 18:09:35 I/Net 1038292395: Syncing friend message history: Success.[0m
[0m2021-04-24 18:09:36 V/Net 1038292395: Recv: FriendList.GetFriendGroupList.Response[0m
[0m2021-04-24 18:09:36 V/Net 1038292395: Recv: TroopManagement.GetTroopConfig.Response(true)[0m
[92m2021-04-24 18:09:36 I/Net 1038292395: Start loading group list...[0m
[96m2021-04-24 18:09:36 D/Net 1038292395: Received unknown commandName: ConfigPushSvc.PushDomain[0m
[0m2021-04-24 18:09:36 V/Net 1038292395: Send: friendlist.GetTroopListReqV2[0m
[0m2021-04-24 18:09:36 V/Net 1038292395: Loading friend list: 18/18[0m
[0m2021-04-24 18:09:36 V/Net 1038292395: Recv: ConfigPushSvc.PushReq.PushReqResponse.ConfigPush[0m
[0m2021-04-24 18:09:36 V/Net 1038292395: Recv: ConfigPushSvc.PushReq.PushReqResponse.ServerListPush[0m
[92m2021-04-24 18:09:36 I/Net 1038292395: Successfully loaded friend list: 18 in total[0m
[92m2021-04-24 18:09:36 I/Net 1038292395: Server list updated.[0m
[0m2021-04-24 18:09:37 V/Net 1038292395: Saving bdh session to cache[0m
[0m2021-04-24 18:09:37 V/Net 1038292395: Saving server list to cache[0m
[0m2021-04-24 18:09:37 V/Net 1038292395: Send: ConfigPushSvc.PushResp[0m
[0m2021-04-24 18:09:37 V/Net 1038292395: Recv: FriendList.GetFriendGroupList.Response[0m
[92m2021-04-24 18:09:37 I/Net 1038292395: ConfigPushSvc.PushReq: Server updated.[0m
[0m2021-04-24 18:09:38 V/Net 1038292395: Send: friendlist.GetTroopMemberListReq[0m
[0m2021-04-24 18:09:38 V/Net 1038292395: Send: friendlist.GetTroopMemberListReq[0m
[0m2021-04-24 18:09:38 V/Net 1038292395: Send: friendlist.GetTroopMemberListReq[0m
[0m2021-04-24 18:09:38 V/Net 1038292395: Send: friendlist.GetTroopMemberListReq[0m
[0m2021-04-24 18:09:38 V/Net 1038292395: Send: friendlist.GetTroopMemberListReq[0m
[0m2021-04-24 18:09:38 V/Net 1038292395: Send: friendlist.GetTroopMemberListReq[0m
[0m2021-04-24 18:09:38 V/Net 1038292395: Send: friendlist.GetTroopMemberListReq[0m
[0m2021-04-24 18:09:39 V/Net 1038292395: Saving bdh session to cache[0m
[0m2021-04-24 18:09:39 V/Net 1038292395: Send: ConfigPushSvc.PushResp[0m
[0m2021-04-24 18:09:39 V/Net 1038292395: Recv: FriendList.GetTroopMemberList.Response[0m
[0m2021-04-24 18:09:39 V/Net 1038292395: Recv: FriendList.GetTroopMemberList.Response[0m
[0m2021-04-24 18:09:39 V/Net 1038292395: Recv: FriendList.GetTroopMemberList.Response[0m
[0m2021-04-24 18:09:39 V/Net 1038292395: Recv: FriendList.GetTroopMemberList.Response[0m
[0m2021-04-24 18:09:39 V/Net 1038292395: Recv: FriendList.GetTroopMemberList.Response[0m
[0m2021-04-24 18:09:39 V/Net 1038292395: Recv: FriendList.GetTroopMemberList.Response[0m
[0m2021-04-24 18:09:39 V/Net 1038292395: Recv: FriendList.GetTroopMemberList.Response[0m
[92m2021-04-24 18:09:39 I/Net 1038292395: Successfully loaded group list: 7 in total.[0m
[0m2021-04-24 18:12:01 V/Net 1038292395: Loading BdhSession from cache file[0m
[0m2021-04-24 18:12:01 V/Net 1038292395: Loading server list from cache.[0m
[92m2021-04-24 18:12:01 I/Net 1038292395: Connected to server 42.81.172.41:443[0m
[0m2021-04-24 18:12:01 V/Net 1038292395: Send: wtlogin.login[0m
[0m2021-04-24 18:12:02 V/Net 1038292395: Recv: LoginPacketResponse.Success[0m
[92m2021-04-24 18:12:02 I/Net 1038292395: Login successful[0m
[0m2021-04-24 18:12:03 V/Net 1038292395: Send: StatSvc.register[0m
[0m2021-04-24 18:12:03 V/Net 1038292395: Recv: Response(StatSvc.register)[0m
[92m2021-04-24 18:12:03 I/Net 1038292395: Scheduled key refresh in 5h 55min 0.0s.[0m
[0m2021-04-24 18:12:03 V/Net 1038292395: Send: StatSvc.register[0m
[0m2021-04-24 18:12:03 V/Net 1038292395: Recv: Response(StatSvc.register)[0m
[92m2021-04-24 18:12:03 I/Net 1038292395: Awaiting ConfigPushSvc.PushReq.[0m
[92m2021-04-24 18:12:03 I/Net 1038292395: Syncing friend message history...[0m
[92m2021-04-24 18:12:03 I/Net 1038292395: Start loading stranger list...[0m
[0m2021-04-24 18:12:03 V/Net 1038292395: Send: MessageSvc.PbGetMsg[0m
[0m2021-04-24 18:12:03 V/Net 1038292395: Send: StatSvc.GetDevLoginInfo[0m
[92m2021-04-24 18:12:03 I/Net 1038292395: Start loading friend list...[0m
[0m2021-04-24 18:12:03 V/Net 1038292395: Send: OidbSvc.0x496[0m
[0m2021-04-24 18:12:03 V/Net 1038292395: Send: OidbSvc.0x5d2_0[0m
[0m2021-04-24 18:12:03 V/Net 1038292395: Send: friendlist.getFriendGroupList[0m
[92m2021-04-24 18:12:03 I/Net 1038292395: Syncing friend message history: Success.[0m
[0m2021-04-24 18:12:03 V/Net 1038292395: Recv: StatSvc.GetDevLoginInfo.Response(deviceList.size=1)[0m
[0m2021-04-24 18:12:03 V/Net 1038292395: Recv: StrangerList.GetStrangerList.Response(result=0)[0m
[92m2021-04-24 18:12:03 I/Net 1038292395: Successfully loaded stranger list: 0 in total[0m
[0m2021-04-24 18:12:03 V/Net 1038292395: Recv: TroopManagement.GetTroopConfig.Response(true)[0m
[92m2021-04-24 18:12:03 I/Net 1038292395: Start loading group list...[0m
[0m2021-04-24 18:12:03 V/Net 1038292395: Recv: FriendList.GetFriendGroupList.Response[0m
[0m2021-04-24 18:12:03 V/Net 1038292395: Loading friend list: 18/18[0m
[92m2021-04-24 18:12:03 I/Net 1038292395: Successfully loaded friend list: 18 in total[0m
[0m2021-04-24 18:12:03 V/Net 1038292395: Send: friendlist.GetTroopListReqV2[0m
[0m2021-04-24 18:12:04 V/Net 1038292395: Recv: FriendList.GetFriendGroupList.Response[0m
[0m2021-04-24 18:12:04 V/Net 1038292395: Send: friendlist.GetTroopMemberListReq[0m
[0m2021-04-24 18:12:04 V/Net 1038292395: Send: friendlist.GetTroopMemberListReq[0m
[0m2021-04-24 18:12:04 V/Net 1038292395: Send: friendlist.GetTroopMemberListReq[0m
[0m2021-04-24 18:12:04 V/Net 1038292395: Send: friendlist.GetTroopMemberListReq[0m
[0m2021-04-24 18:12:04 V/Net 1038292395: Send: friendlist.GetTroopMemberListReq[0m
[0m2021-04-24 18:12:04 V/Net 1038292395: Send: friendlist.GetTroopMemberListReq[0m
[0m2021-04-24 18:12:04 V/Net 1038292395: Send: friendlist.GetTroopMemberListReq[0m
[0m2021-04-24 18:12:04 V/Net 1038292395: Recv: FriendList.GetTroopMemberList.Response[0m
[0m2021-04-24 18:12:04 V/Net 1038292395: Recv: FriendList.GetTroopMemberList.Response[0m
[0m2021-04-24 18:12:04 V/Net 1038292395: Recv: FriendList.GetTroopMemberList.Response[0m
[0m2021-04-24 18:12:04 V/Net 1038292395: Recv: FriendList.GetTroopMemberList.Response[0m
[0m2021-04-24 18:12:04 V/Net 1038292395: Recv: FriendList.GetTroopMemberList.Response[0m
[0m2021-04-24 18:12:04 V/Net 1038292395: Recv: FriendList.GetTroopMemberList.Response[0m
[0m2021-04-24 18:12:04 V/Net 1038292395: Recv: FriendList.GetTroopMemberList.Response[0m
[92m2021-04-24 18:12:04 I/Net 1038292395: Successfully loaded group list: 7 in total.[0m
[96m2021-04-24 18:12:06 D/Net 1038292395: Received unknown commandName: ConfigPushSvc.PushDomain[0m
[0m2021-04-24 18:12:06 V/Net 1038292395: Recv: ConfigPushSvc.PushReq.PushReqResponse.ServerListPush[0m
[92m2021-04-24 18:12:06 I/Net 1038292395: Server list updated.[0m
[0m2021-04-24 18:12:06 V/Net 1038292395: Saving bdh session to cache[0m
[0m2021-04-24 18:12:06 V/Net 1038292395: Saving server list to cache[0m
[0m2021-04-24 18:12:06 V/Net 1038292395: Send: ConfigPushSvc.PushResp[0m
[92m2021-04-24 18:12:06 I/Net 1038292395: ConfigPushSvc.PushReq: Server updated.[0m
[0m2021-04-24 18:12:06 V/Net 1038292395: Recv: ConfigPushSvc.PushReq.PushReqResponse.ConfigPush[0m
[0m2021-04-24 18:12:07 V/Net 1038292395: Saving bdh session to cache[0m
[0m2021-04-24 18:12:07 V/Net 1038292395: Send: ConfigPushSvc.PushResp[0m
[0m2021-04-24 18:16:33 V/Net 1038292395: Send: Heartbeat.Alive[0m
[0m2021-04-24 18:16:33 V/Net 1038292395: Recv: Heartbeat.Alive.Response[0m
[0m2021-04-24 18:17:47 V/Net 1038292395: Loading BdhSession from cache file[0m
[0m2021-04-24 18:17:47 V/Net 1038292395: Loading server list from cache.[0m
[92m2021-04-24 18:17:47 I/Net 1038292395: Connected to server msfwifi.3g.qq.com:8080[0m
[0m2021-04-24 18:17:47 V/Net 1038292395: Send: wtlogin.login[0m
[0m2021-04-24 18:17:48 V/Net 1038292395: Recv: LoginPacketResponse.Success[0m
[92m2021-04-24 18:17:48 I/Net 1038292395: Login successful[0m
[0m2021-04-24 18:17:48 V/Net 1038292395: Send: StatSvc.register[0m
[0m2021-04-24 18:17:48 V/Net 1038292395: Recv: Response(StatSvc.register)[0m
[92m2021-04-24 18:17:48 I/Net 1038292395: Scheduled key refresh in 5h 55min 0.0s.[0m
[0m2021-04-24 18:17:48 V/Net 1038292395: Send: StatSvc.register[0m
[0m2021-04-24 18:17:48 V/Net 1038292395: Recv: Response(StatSvc.register)[0m
[92m2021-04-24 18:17:48 I/Net 1038292395: Awaiting ConfigPushSvc.PushReq.[0m
[92m2021-04-24 18:17:48 I/Net 1038292395: Syncing friend message history...[0m
[92m2021-04-24 18:17:48 I/Net 1038292395: Start loading stranger list...[0m
[0m2021-04-24 18:17:48 V/Net 1038292395: Send: MessageSvc.PbGetMsg[0m
[0m2021-04-24 18:17:48 V/Net 1038292395: Send: StatSvc.GetDevLoginInfo[0m
[92m2021-04-24 18:17:48 I/Net 1038292395: Start loading friend list...[0m
[0m2021-04-24 18:17:48 V/Net 1038292395: Send: OidbSvc.0x496[0m
[0m2021-04-24 18:17:48 V/Net 1038292395: Send: OidbSvc.0x5d2_0[0m
[0m2021-04-24 18:17:48 V/Net 1038292395: Send: friendlist.getFriendGroupList[0m
[92m2021-04-24 18:17:48 I/Net 1038292395: Syncing friend message history: Success.[0m
[0m2021-04-24 18:17:48 V/Net 1038292395: Recv: StrangerList.GetStrangerList.Response(result=0)[0m
[92m2021-04-24 18:17:48 I/Net 1038292395: Successfully loaded stranger list: 0 in total[0m
[0m2021-04-24 18:17:48 V/Net 1038292395: Recv: TroopManagement.GetTroopConfig.Response(true)[0m
[92m2021-04-24 18:17:48 I/Net 1038292395: Start loading group list...[0m
[0m2021-04-24 18:17:48 V/Net 1038292395: Send: friendlist.GetTroopListReqV2[0m
[0m2021-04-24 18:17:48 V/Net 1038292395: Recv: StatSvc.GetDevLoginInfo.Response(deviceList.size=1)[0m
[0m2021-04-24 18:17:48 V/Net 1038292395: Recv: FriendList.GetFriendGroupList.Response[0m
[0m2021-04-24 18:17:48 V/Net 1038292395: Loading friend list: 18/18[0m
[92m2021-04-24 18:17:48 I/Net 1038292395: Successfully loaded friend list: 18 in total[0m
[0m2021-04-24 18:17:48 V/Net 1038292395: Recv: FriendList.GetFriendGroupList.Response[0m
[0m2021-04-24 18:17:48 V/Net 1038292395: Send: friendlist.GetTroopMemberListReq[0m
[0m2021-04-24 18:17:48 V/Net 1038292395: Send: friendlist.GetTroopMemberListReq[0m
[0m2021-04-24 18:17:48 V/Net 1038292395: Send: friendlist.GetTroopMemberListReq[0m
[0m2021-04-24 18:17:48 V/Net 1038292395: Send: friendlist.GetTroopMemberListReq[0m
[0m2021-04-24 18:17:48 V/Net 1038292395: Send: friendlist.GetTroopMemberListReq[0m
[0m2021-04-24 18:17:48 V/Net 1038292395: Send: friendlist.GetTroopMemberListReq[0m
[0m2021-04-24 18:17:48 V/Net 1038292395: Send: friendlist.GetTroopMemberListReq[0m
[0m2021-04-24 18:17:48 V/Net 1038292395: Recv: FriendList.GetTroopMemberList.Response[0m
[0m2021-04-24 18:17:48 V/Net 1038292395: Recv: FriendList.GetTroopMemberList.Response[0m
[0m2021-04-24 18:17:48 V/Net 1038292395: Recv: FriendList.GetTroopMemberList.Response[0m
[0m2021-04-24 18:17:48 V/Net 1038292395: Recv: FriendList.GetTroopMemberList.Response[0m
[0m2021-04-24 18:17:48 V/Net 1038292395: Recv: FriendList.GetTroopMemberList.Response[0m
[0m2021-04-24 18:17:48 V/Net 1038292395: Recv: FriendList.GetTroopMemberList.Response[0m
[0m2021-04-24 18:17:48 V/Net 1038292395: Recv: FriendList.GetTroopMemberList.Response[0m
[92m2021-04-24 18:17:48 I/Net 1038292395: Successfully loaded group list: 7 in total.[0m
[96m2021-04-24 18:17:51 D/Net 1038292395: Received unknown commandName: ConfigPushSvc.PushDomain[0m
[0m2021-04-24 18:17:51 V/Net 1038292395: Recv: ConfigPushSvc.PushReq.PushReqResponse.ConfigPush[0m
[0m2021-04-24 18:17:51 V/Net 1038292395: Saving bdh session to cache[0m
[0m2021-04-24 18:17:51 V/Net 1038292395: Send: ConfigPushSvc.PushResp[0m
[92m2021-04-24 18:17:51 I/Net 1038292395: ConfigPushSvc.PushReq: Config updated.[0m
[0m2021-04-24 18:18:53 V/Net 1038292395: Loading BdhSession from cache file[0m
[0m2021-04-24 18:18:53 V/Net 1038292395: Loading server list from cache.[0m
[92m2021-04-24 18:18:53 I/Net 1038292395: Connected to server msfwifi.3g.qq.com:8080[0m
[0m2021-04-24 18:18:53 V/Net 1038292395: Send: wtlogin.login[0m
[0m2021-04-24 18:18:54 V/Net 1038292395: Recv: LoginPacketResponse.Success[0m
[92m2021-04-24 18:18:54 I/Net 1038292395: Login successful[0m
[0m2021-04-24 18:18:54 V/Net 1038292395: Send: StatSvc.register[0m
[0m2021-04-24 18:18:54 V/Net 1038292395: Recv: Response(StatSvc.register)[0m
[92m2021-04-24 18:18:54 I/Net 1038292395: Scheduled key refresh in 5h 55min 0.0s.[0m
[0m2021-04-24 18:18:54 V/Net 1038292395: Send: StatSvc.register[0m
[0m2021-04-24 18:18:54 V/Net 1038292395: Recv: Response(StatSvc.register)[0m
[92m2021-04-24 18:18:54 I/Net 1038292395: Awaiting ConfigPushSvc.PushReq.[0m
[92m2021-04-24 18:18:54 I/Net 1038292395: Syncing friend message history...[0m
[92m2021-04-24 18:18:54 I/Net 1038292395: Start loading stranger list...[0m
[0m2021-04-24 18:18:54 V/Net 1038292395: Send: MessageSvc.PbGetMsg[0m
[0m2021-04-24 18:18:54 V/Net 1038292395: Send: StatSvc.GetDevLoginInfo[0m
[92m2021-04-24 18:18:54 I/Net 1038292395: Start loading friend list...[0m
[0m2021-04-24 18:18:54 V/Net 1038292395: Send: OidbSvc.0x5d2_0[0m
[0m2021-04-24 18:18:54 V/Net 1038292395: Send: OidbSvc.0x496[0m
[0m2021-04-24 18:18:54 V/Net 1038292395: Send: friendlist.getFriendGroupList[0m
[92m2021-04-24 18:18:54 I/Net 1038292395: Syncing friend message history: Success.[0m
[0m2021-04-24 18:18:54 V/Net 1038292395: Recv: TroopManagement.GetTroopConfig.Response(true)[0m
[92m2021-04-24 18:18:54 I/Net 1038292395: Start loading group list...[0m
[0m2021-04-24 18:18:54 V/Net 1038292395: Send: friendlist.GetTroopListReqV2[0m
[0m2021-04-24 18:18:54 V/Net 1038292395: Recv: StrangerList.GetStrangerList.Response(result=0)[0m
[92m2021-04-24 18:18:54 I/Net 1038292395: Successfully loaded stranger list: 0 in total[0m
[0m2021-04-24 18:18:54 V/Net 1038292395: Recv: StatSvc.GetDevLoginInfo.Response(deviceList.size=1)[0m
[0m2021-04-24 18:18:54 V/Net 1038292395: Recv: FriendList.GetFriendGroupList.Response[0m
[0m2021-04-24 18:18:54 V/Net 1038292395: Loading friend list: 18/18[0m
[92m2021-04-24 18:18:54 I/Net 1038292395: Successfully loaded friend list: 18 in total[0m
[0m2021-04-24 18:18:54 V/Net 1038292395: Recv: FriendList.GetFriendGroupList.Response[0m
[0m2021-04-24 18:18:54 V/Net 1038292395: Send: friendlist.GetTroopMemberListReq[0m
[0m2021-04-24 18:18:54 V/Net 1038292395: Send: friendlist.GetTroopMemberListReq[0m
[0m2021-04-24 18:18:54 V/Net 1038292395: Send: friendlist.GetTroopMemberListReq[0m
[0m2021-04-24 18:18:54 V/Net 1038292395: Send: friendlist.GetTroopMemberListReq[0m
[0m2021-04-24 18:18:54 V/Net 1038292395: Send: friendlist.GetTroopMemberListReq[0m
[0m2021-04-24 18:18:54 V/Net 1038292395: Send: friendlist.GetTroopMemberListReq[0m
[0m2021-04-24 18:18:54 V/Net 1038292395: Send: friendlist.GetTroopMemberListReq[0m
[0m2021-04-24 18:18:54 V/Net 1038292395: Recv: FriendList.GetTroopMemberList.Response[0m
[0m2021-04-24 18:18:54 V/Net 1038292395: Recv: FriendList.GetTroopMemberList.Response[0m
[0m2021-04-24 18:18:54 V/Net 1038292395: Recv: FriendList.GetTroopMemberList.Response[0m
[0m2021-04-24 18:18:54 V/Net 1038292395: Recv: FriendList.GetTroopMemberList.Response[0m
[0m2021-04-24 18:18:54 V/Net 1038292395: Recv: FriendList.GetTroopMemberList.Response[0m
[0m2021-04-24 18:18:54 V/Net 1038292395: Recv: FriendList.GetTroopMemberList.Response[0m
[0m2021-04-24 18:18:54 V/Net 1038292395: Recv: FriendList.GetTroopMemberList.Response[0m
[92m2021-04-24 18:18:54 I/Net 1038292395: Successfully loaded group list: 7 in total.[0m
[96m2021-04-24 18:18:57 D/Net 1038292395: Received unknown commandName: ConfigPushSvc.PushDomain[0m
[0m2021-04-24 18:18:57 V/Net 1038292395: Recv: ConfigPushSvc.PushReq.PushReqResponse.ConfigPush[0m
[0m2021-04-24 18:18:57 V/Net 1038292395: Saving bdh session to cache[0m
[0m2021-04-24 18:18:57 V/Net 1038292395: Send: ConfigPushSvc.PushResp[0m
[92m2021-04-24 18:18:57 I/Net 1038292395: ConfigPushSvc.PushReq: Config updated.[0m
