[0m2021-04-18 10:22:05 V/Net 1038292395: Recv: Heartbeat.Alive.Response[0m
[0m2021-04-18 10:22:05 V/Net 1038292395: Send: Heartbeat.Alive[0m
[0m2021-04-18 10:22:46 V/Net 1038292395: Send: Heartbeat.Alive[0m
[0m2021-04-18 10:22:46 V/Net 1038292395: Recv: Heartbeat.Alive.Response[0m
[0m2021-04-18 10:26:36 V/Net 1038292395: Send: Heartbeat.Alive[0m
[0m2021-04-18 10:26:36 V/Net 1038292395: Recv: Heartbeat.Alive.Response[0m
[0m2021-04-18 10:27:30 V/Net 1038292395: Send: Heartbeat.Alive[0m
[0m2021-04-18 10:27:33 V/Net 1038292395: Recv: Heartbeat.Alive.Response[0m
[0m2021-04-18 10:31:12 V/Net 1038292395: Send: Heartbeat.Alive[0m
[0m2021-04-18 10:31:12 V/Net 1038292395: Recv: Heartbeat.Alive.Response[0m
[0m2021-04-18 10:32:04 V/Net 1038292395: Recv: Heartbeat.Alive.Response[0m
[0m2021-04-18 10:32:04 V/Net 1038292395: Send: Heartbeat.Alive[0m
[0m2021-04-18 10:53:47 V/Net 1038292395: Send: Heartbeat.Alive[0m
[0m2021-04-18 10:53:47 V/Net 1038292395: Recv: Heartbeat.Alive.Response[0m
[0m2021-04-18 10:54:51 V/Net 1038292395: Send: Heartbeat.Alive[0m
[0m2021-04-18 10:54:51 V/Net 1038292395: Recv: Heartbeat.Alive.Response[0m
[0m2021-04-18 10:58:17 V/Net 1038292395: Send: Heartbeat.Alive[0m
[0m2021-04-18 10:58:17 V/Net 1038292395: Recv: Heartbeat.Alive.Response[0m
[0m2021-04-18 10:59:21 V/Net 1038292395: Send: Heartbeat.Alive[0m
[0m2021-04-18 10:59:21 V/Net 1038292395: Recv: Heartbeat.Alive.Response[0m
[0m2021-04-18 11:02:47 V/Net 1038292395: Send: Heartbeat.Alive[0m
[0m2021-04-18 11:02:47 V/Net 1038292395: Recv: Heartbeat.Alive.Response[0m
[0m2021-04-18 11:03:51 V/Net 1038292395: Send: Heartbeat.Alive[0m
[0m2021-04-18 11:03:52 V/Net 1038292395: Recv: Heartbeat.Alive.Response[0m
[0m2021-04-18 11:07:17 V/Net 1038292395: Send: Heartbeat.Alive[0m
[0m2021-04-18 11:07:17 V/Net 1038292395: Recv: Heartbeat.Alive.Response[0m
[0m2021-04-18 11:08:22 V/Net 1038292395: Send: Heartbeat.Alive[0m
[0m2021-04-18 11:08:22 V/Net 1038292395: Recv: Heartbeat.Alive.Response[0m
[0m2021-04-18 11:11:47 V/Net 1038292395: Send: Heartbeat.Alive[0m
[0m2021-04-18 11:11:47 V/Net 1038292395: Recv: Heartbeat.Alive.Response[0m
[0m2021-04-18 11:12:52 V/Net 1038292395: Send: Heartbeat.Alive[0m
[0m2021-04-18 11:12:52 V/Net 1038292395: Recv: Heartbeat.Alive.Response[0m
[0m2021-04-18 11:16:17 V/Net 1038292395: Send: Heartbeat.Alive[0m
[0m2021-04-18 11:16:17 V/Net 1038292395: Recv: Heartbeat.Alive.Response[0m
[0m2021-04-18 11:17:22 V/Net 1038292395: Send: Heartbeat.Alive[0m
[0m2021-04-18 11:17:22 V/Net 1038292395: Recv: Heartbeat.Alive.Response[0m
[0m2021-04-18 11:20:47 V/Net 1038292395: Send: Heartbeat.Alive[0m
[0m2021-04-18 11:20:48 V/Net 1038292395: Recv: Heartbeat.Alive.Response[0m
[0m2021-04-18 11:21:52 V/Net 1038292395: Send: Heartbeat.Alive[0m
[0m2021-04-18 11:21:52 V/Net 1038292395: Recv: Heartbeat.Alive.Response[0m
[0m2021-04-18 11:25:18 V/Net 1038292395: Send: Heartbeat.Alive[0m
[0m2021-04-18 11:25:18 V/Net 1038292395: Recv: Heartbeat.Alive.Response[0m
[0m2021-04-18 11:26:22 V/Net 1038292395: Send: Heartbeat.Alive[0m
[0m2021-04-18 11:26:22 V/Net 1038292395: Recv: Heartbeat.Alive.Response[0m
[0m2021-04-18 11:29:48 V/Net 1038292395: Send: Heartbeat.Alive[0m
[0m2021-04-18 11:29:48 V/Net 1038292395: Recv: Heartbeat.Alive.Response[0m
[0m2021-04-18 11:30:52 V/Net 1038292395: Send: Heartbeat.Alive[0m
[0m2021-04-18 11:30:52 V/Net 1038292395: Recv: Heartbeat.Alive.Response[0m
[0m2021-04-18 11:34:18 V/Net 1038292395: Send: Heartbeat.Alive[0m
[0m2021-04-18 11:34:18 V/Net 1038292395: Recv: Heartbeat.Alive.Response[0m
[0m2021-04-18 11:35:23 V/Net 1038292395: Send: Heartbeat.Alive[0m
[0m2021-04-18 11:35:23 V/Net 1038292395: Recv: Heartbeat.Alive.Response[0m
[0m2021-04-18 11:38:48 V/Net 1038292395: Send: Heartbeat.Alive[0m
[0m2021-04-18 11:38:48 V/Net 1038292395: Recv: Heartbeat.Alive.Response[0m
[0m2021-04-18 11:39:53 V/Net 1038292395: Send: Heartbeat.Alive[0m
[0m2021-04-18 11:39:53 V/Net 1038292395: Recv: Heartbeat.Alive.Response[0m
[0m2021-04-18 11:43:18 V/Net 1038292395: Send: Heartbeat.Alive[0m
[0m2021-04-18 11:43:18 V/Net 1038292395: Recv: Heartbeat.Alive.Response[0m
[0m2021-04-18 11:44:23 V/Net 1038292395: Send: Heartbeat.Alive[0m
[0m2021-04-18 11:44:23 V/Net 1038292395: Recv: Heartbeat.Alive.Response[0m
[0m2021-04-18 11:47:48 V/Net 1038292395: Send: Heartbeat.Alive[0m
[0m2021-04-18 11:47:48 V/Net 1038292395: Recv: Heartbeat.Alive.Response[0m
[0m2021-04-18 11:48:53 V/Net 1038292395: Recv: Heartbeat.Alive.Response[0m
[0m2021-04-18 11:48:53 V/Net 1038292395: Send: Heartbeat.Alive[0m
[0m2021-04-18 11:52:18 V/Net 1038292395: Send: Heartbeat.Alive[0m
[0m2021-04-18 11:52:18 V/Net 1038292395: Recv: Heartbeat.Alive.Response[0m
[0m2021-04-18 11:53:23 V/Net 1038292395: Send: Heartbeat.Alive[0m
[0m2021-04-18 11:53:23 V/Net 1038292395: Recv: Heartbeat.Alive.Response[0m
[0m2021-04-18 11:56:49 V/Net 1038292395: Send: Heartbeat.Alive[0m
[0m2021-04-18 11:56:50 V/Net 1038292395: Recv: Heartbeat.Alive.Response[0m
[0m2021-04-18 11:57:54 V/Net 1038292395: Send: Heartbeat.Alive[0m
[0m2021-04-18 11:57:54 V/Net 1038292395: Recv: Heartbeat.Alive.Response[0m
[0m2021-04-18 12:01:20 V/Net 1038292395: Recv: Heartbeat.Alive.Response[0m
[0m2021-04-18 12:01:20 V/Net 1038292395: Send: Heartbeat.Alive[0m
[0m2021-04-18 12:02:24 V/Net 1038292395: Send: Heartbeat.Alive[0m
[0m2021-04-18 12:02:24 V/Net 1038292395: Recv: Heartbeat.Alive.Response[0m
[0m2021-04-18 12:05:50 V/Net 1038292395: Send: Heartbeat.Alive[0m
[0m2021-04-18 12:05:50 V/Net 1038292395: Recv: Heartbeat.Alive.Response[0m
[0m2021-04-18 12:06:55 V/Net 1038292395: Send: Heartbeat.Alive[0m
[0m2021-04-18 12:06:55 V/Net 1038292395: Recv: Heartbeat.Alive.Response[0m
[0m2021-04-18 12:10:20 V/Net 1038292395: Send: Heartbeat.Alive[0m
[0m2021-04-18 12:10:21 V/Net 1038292395: Recv: Heartbeat.Alive.Response[0m
[0m2021-04-18 12:11:25 V/Net 1038292395: Send: Heartbeat.Alive[0m
[0m2021-04-18 12:11:25 V/Net 1038292395: Recv: Heartbeat.Alive.Response[0m
[0m2021-04-18 12:14:51 V/Net 1038292395: Send: Heartbeat.Alive[0m
[0m2021-04-18 12:14:51 V/Net 1038292395: Recv: Heartbeat.Alive.Response[0m
[0m2021-04-18 12:15:56 V/Net 1038292395: Send: Heartbeat.Alive[0m
[0m2021-04-18 12:15:56 V/Net 1038292395: Recv: Heartbeat.Alive.Response[0m
[0m2021-04-18 12:19:23 V/Net 1038292395: Recv: Heartbeat.Alive.Response[0m
[0m2021-04-18 12:19:23 V/Net 1038292395: Send: Heartbeat.Alive[0m
[0m2021-04-18 12:20:27 V/Net 1038292395: Send: Heartbeat.Alive[0m
[0m2021-04-18 12:20:27 V/Net 1038292395: Recv: Heartbeat.Alive.Response[0m
[0m2021-04-18 12:23:53 V/Net 1038292395: Send: Heartbeat.Alive[0m
[0m2021-04-18 12:23:53 V/Net 1038292395: Recv: Heartbeat.Alive.Response[0m
[0m2021-04-18 12:24:57 V/Net 1038292395: Send: Heartbeat.Alive[0m
[0m2021-04-18 12:24:57 V/Net 1038292395: Recv: Heartbeat.Alive.Response[0m
[0m2021-04-18 12:28:23 V/Net 1038292395: Send: Heartbeat.Alive[0m
[0m2021-04-18 12:28:23 V/Net 1038292395: Recv: Heartbeat.Alive.Response[0m
[0m2021-04-18 12:29:27 V/Net 1038292395: Send: Heartbeat.Alive[0m
[0m2021-04-18 12:29:27 V/Net 1038292395: Recv: Heartbeat.Alive.Response[0m
[0m2021-04-18 12:32:53 V/Net 1038292395: Send: Heartbeat.Alive[0m
[0m2021-04-18 12:32:54 V/Net 1038292395: Recv: Heartbeat.Alive.Response[0m
[0m2021-04-18 12:33:58 V/Net 1038292395: Send: Heartbeat.Alive[0m
[0m2021-04-18 12:33:58 V/Net 1038292395: Recv: Heartbeat.Alive.Response[0m
[0m2021-04-18 12:37:24 V/Net 1038292395: Send: Heartbeat.Alive[0m
[0m2021-04-18 12:37:24 V/Net 1038292395: Recv: Heartbeat.Alive.Response[0m
[0m2021-04-18 12:38:29 V/Net 1038292395: Send: Heartbeat.Alive[0m
[0m2021-04-18 12:38:29 V/Net 1038292395: Recv: Heartbeat.Alive.Response[0m
[0m2021-04-18 12:42:08 V/Net 1038292395: Recv: Heartbeat.Alive.Response[0m
[0m2021-04-18 12:42:08 V/Net 1038292395: Send: Heartbeat.Alive[0m
[0m2021-04-18 12:43:00 V/Net 1038292395: Send: Heartbeat.Alive[0m
[0m2021-04-18 12:43:00 V/Net 1038292395: Recv: Heartbeat.Alive.Response[0m
[0m2021-04-18 12:43:46 V/Net 1038292395: Send: wtlogin.exchange_emp[0m
[96m2021-04-18 12:43:47 D/Net 1038292395: Received unknown commandName: StatSvc.QueryHB[0m
[0m2021-04-18 12:43:47 V/Net 1038292395: Recv: Error(title=ç™»å½•å¤±è´¥, message=æœåŠ¡è¿æ¥ä¸­ï¼Œè¯·ç¨åå†è¯•ã€‚(0x9), errorInfo=)[0m
[92m2021-04-18 12:43:48 I/Net 1038292395: Scheduled key refresh in 5h 55min 0.0s.[0m
[0m2021-04-18 12:46:11 V/Net 1038292395: Send: wtlogin.exchange_emp[0m
[96m2021-04-18 12:46:12 D/Net 1038292395: Received unknown commandName: StatSvc.QueryHB[0m
[0m2021-04-18 12:46:14 V/Net 1038292395: Recv: LoginPacketResponse.Success[0m
[92m2021-04-18 12:46:14 I/Net 1038292395: Scheduled key refresh in 5h 55min 0.0s.[0m
[0m2021-04-18 12:46:39 V/Net 1038292395: Send: Heartbeat.Alive[0m
[0m2021-04-18 12:46:39 V/Net 1038292395: Recv: Heartbeat.Alive.Response[0m
[0m2021-04-18 12:47:30 V/Net 1038292395: Send: Heartbeat.Alive[0m
[0m2021-04-18 12:47:30 V/Net 1038292395: Recv: Heartbeat.Alive.Response[0m
[0m2021-04-18 12:51:09 V/Net 1038292395: Send: Heartbeat.Alive[0m
[0m2021-04-18 12:51:09 V/Net 1038292395: Recv: Heartbeat.Alive.Response[0m
[0m2021-04-18 12:52:00 V/Net 1038292395: Send: Heartbeat.Alive[0m
[0m2021-04-18 12:52:00 V/Net 1038292395: Recv: Heartbeat.Alive.Response[0m
[0m2021-04-18 12:55:39 V/Net 1038292395: Send: Heartbeat.Alive[0m
[0m2021-04-18 12:55:39 V/Net 1038292395: Recv: Heartbeat.Alive.Response[0m
[0m2021-04-18 12:56:30 V/Net 1038292395: Recv: Heartbeat.Alive.Response[0m
[0m2021-04-18 12:56:30 V/Net 1038292395: Send: Heartbeat.Alive[0m
[0m2021-04-18 13:00:09 V/Net 1038292395: Send: Heartbeat.Alive[0m
[0m2021-04-18 13:00:09 V/Net 1038292395: Recv: Heartbeat.Alive.Response[0m
[0m2021-04-18 13:01:00 V/Net 1038292395: Send: Heartbeat.Alive[0m
[0m2021-04-18 13:01:00 V/Net 1038292395: Recv: Heartbeat.Alive.Response[0m
[0m2021-04-18 13:04:39 V/Net 1038292395: Send: Heartbeat.Alive[0m
[0m2021-04-18 13:04:39 V/Net 1038292395: Recv: Heartbeat.Alive.Response[0m
[0m2021-04-18 13:05:30 V/Net 1038292395: Send: Heartbeat.Alive[0m
[0m2021-04-18 13:05:30 V/Net 1038292395: Recv: Heartbeat.Alive.Response[0m
[0m2021-04-18 13:09:09 V/Net 1038292395: Send: Heartbeat.Alive[0m
[0m2021-04-18 13:09:09 V/Net 1038292395: Recv: Heartbeat.Alive.Response[0m
[0m2021-04-18 13:10:01 V/Net 1038292395: Send: Heartbeat.Alive[0m
[0m2021-04-18 13:10:01 V/Net 1038292395: Recv: Heartbeat.Alive.Response[0m
[0m2021-04-18 13:13:41 V/Net 1038292395: Send: Heartbeat.Alive[0m
[0m2021-04-18 13:13:42 V/Net 1038292395: Recv: Heartbeat.Alive.Response[0m
[0m2021-04-18 13:14:31 V/Net 1038292395: Send: Heartbeat.Alive[0m
[0m2021-04-18 13:14:31 V/Net 1038292395: Recv: Heartbeat.Alive.Response[0m
[0m2021-04-18 13:18:12 V/Net 1038292395: Send: Heartbeat.Alive[0m
[0m2021-04-18 13:18:12 V/Net 1038292395: Recv: Heartbeat.Alive.Response[0m
[0m2021-04-18 13:19:01 V/Net 1038292395: Recv: Heartbeat.Alive.Response[0m
[0m2021-04-18 13:19:01 V/Net 1038292395: Send: Heartbeat.Alive[0m
[0m2021-04-18 13:22:42 V/Net 1038292395: Send: Heartbeat.Alive[0m
[0m2021-04-18 13:22:42 V/Net 1038292395: Recv: Heartbeat.Alive.Response[0m
[0m2021-04-18 13:23:31 V/Net 1038292395: Send: Heartbeat.Alive[0m
[0m2021-04-18 13:23:31 V/Net 1038292395: Recv: Heartbeat.Alive.Response[0m
[0m2021-04-18 13:27:16 V/Net 1038292395: Recv: Heartbeat.Alive.Response[0m
[0m2021-04-18 13:27:16 V/Net 1038292395: Send: Heartbeat.Alive[0m
[0m2021-04-18 13:28:02 V/Net 1038292395: Send: Heartbeat.Alive[0m
[0m2021-04-18 13:28:02 V/Net 1038292395: Recv: Heartbeat.Alive.Response[0m
[0m2021-04-18 13:31:46 V/Net 1038292395: Send: Heartbeat.Alive[0m
[0m2021-04-18 13:31:46 V/Net 1038292395: Recv: Heartbeat.Alive.Response[0m
[0m2021-04-18 13:32:32 V/Net 1038292395: Send: Heartbeat.Alive[0m
[0m2021-04-18 13:32:32 V/Net 1038292395: Recv: Heartbeat.Alive.Response[0m
[0m2021-04-18 13:36:16 V/Net 1038292395: Send: Heartbeat.Alive[0m
[0m2021-04-18 13:36:16 V/Net 1038292395: Recv: Heartbeat.Alive.Response[0m
[0m2021-04-18 13:37:02 V/Net 1038292395: Send: Heartbeat.Alive[0m
[0m2021-04-18 13:37:02 V/Net 1038292395: Recv: Heartbeat.Alive.Response[0m
[0m2021-04-18 13:40:46 V/Net 1038292395: Send: Heartbeat.Alive[0m
[0m2021-04-18 13:40:46 V/Net 1038292395: Recv: Heartbeat.Alive.Response[0m
[0m2021-04-18 13:41:32 V/Net 1038292395: Recv: Heartbeat.Alive.Response[0m
[0m2021-04-18 13:41:32 V/Net 1038292395: Send: Heartbeat.Alive[0m
[0m2021-04-18 13:45:16 V/Net 1038292395: Send: Heartbeat.Alive[0m
[0m2021-04-18 13:45:17 V/Net 1038292395: Recv: Heartbeat.Alive.Response[0m
[0m2021-04-18 13:46:02 V/Net 1038292395: Send: Heartbeat.Alive[0m
[0m2021-04-18 13:46:03 V/Net 1038292395: Recv: Heartbeat.Alive.Response[0m
[0m2021-04-18 13:49:47 V/Net 1038292395: Send: Heartbeat.Alive[0m
[0m2021-04-18 13:49:47 V/Net 1038292395: Recv: Heartbeat.Alive.Response[0m
[0m2021-04-18 13:50:33 V/Net 1038292395: Send: Heartbeat.Alive[0m
[0m2021-04-18 13:50:33 V/Net 1038292395: Recv: Heartbeat.Alive.Response[0m
[0m2021-04-18 13:54:17 V/Net 1038292395: Send: Heartbeat.Alive[0m
[0m2021-04-18 13:54:17 V/Net 1038292395: Recv: Heartbeat.Alive.Response[0m
[0m2021-04-18 13:55:03 V/Net 1038292395: Send: Heartbeat.Alive[0m
[0m2021-04-18 13:55:03 V/Net 1038292395: Recv: Heartbeat.Alive.Response[0m
[0m2021-04-18 13:58:47 V/Net 1038292395: Send: Heartbeat.Alive[0m
[0m2021-04-18 13:58:47 V/Net 1038292395: Recv: Heartbeat.Alive.Response[0m
[0m2021-04-18 13:59:33 V/Net 1038292395: Send: Heartbeat.Alive[0m
[0m2021-04-18 13:59:33 V/Net 1038292395: Recv: Heartbeat.Alive.Response[0m
[0m2021-04-18 14:03:17 V/Net 1038292395: Send: Heartbeat.Alive[0m
[0m2021-04-18 14:03:17 V/Net 1038292395: Recv: Heartbeat.Alive.Response[0m
[0m2021-04-18 14:04:03 V/Net 1038292395: Send: Heartbeat.Alive[0m
[0m2021-04-18 14:04:03 V/Net 1038292395: Recv: Heartbeat.Alive.Response[0m
[0m2021-04-18 14:07:47 V/Net 1038292395: Send: Heartbeat.Alive[0m
[0m2021-04-18 14:07:47 V/Net 1038292395: Recv: Heartbeat.Alive.Response[0m
[0m2021-04-18 14:08:33 V/Net 1038292395: Send: Heartbeat.Alive[0m
[0m2021-04-18 14:08:33 V/Net 1038292395: Recv: Heartbeat.Alive.Response[0m
[0m2021-04-18 14:12:17 V/Net 1038292395: Send: Heartbeat.Alive[0m
[0m2021-04-18 14:12:17 V/Net 1038292395: Recv: Heartbeat.Alive.Response[0m
[0m2021-04-18 14:13:03 V/Net 1038292395: Send: Heartbeat.Alive[0m
[0m2021-04-18 14:13:03 V/Net 1038292395: Recv: Heartbeat.Alive.Response[0m
[0m2021-04-18 14:16:47 V/Net 1038292395: Send: Heartbeat.Alive[0m
[0m2021-04-18 14:16:47 V/Net 1038292395: Recv: Heartbeat.Alive.Response[0m
[0m2021-04-18 14:17:33 V/Net 1038292395: Send: Heartbeat.Alive[0m
[0m2021-04-18 14:17:33 V/Net 1038292395: Recv: Heartbeat.Alive.Response[0m
[0m2021-04-18 14:21:17 V/Net 1038292395: Send: Heartbeat.Alive[0m
[0m2021-04-18 14:21:17 V/Net 1038292395: Recv: Heartbeat.Alive.Response[0m
[0m2021-04-18 14:22:03 V/Net 1038292395: Send: Heartbeat.Alive[0m
[0m2021-04-18 14:22:03 V/Net 1038292395: Recv: Heartbeat.Alive.Response[0m
[0m2021-04-18 14:25:47 V/Net 1038292395: Send: Heartbeat.Alive[0m
[0m2021-04-18 14:25:47 V/Net 1038292395: Recv: Heartbeat.Alive.Response[0m
[0m2021-04-18 14:26:33 V/Net 1038292395: Send: Heartbeat.Alive[0m
[0m2021-04-18 14:26:34 V/Net 1038292395: Recv: Heartbeat.Alive.Response[0m
[0m2021-04-18 14:30:18 V/Net 1038292395: Send: Heartbeat.Alive[0m
[0m2021-04-18 14:30:18 V/Net 1038292395: Recv: Heartbeat.Alive.Response[0m
[0m2021-04-18 14:31:04 V/Net 1038292395: Send: Heartbeat.Alive[0m
[0m2021-04-18 14:31:04 V/Net 1038292395: Recv: Heartbeat.Alive.Response[0m
[0m2021-04-18 14:34:48 V/Net 1038292395: Send: Heartbeat.Alive[0m
[0m2021-04-18 14:34:48 V/Net 1038292395: Recv: Heartbeat.Alive.Response[0m
[0m2021-04-18 14:35:34 V/Net 1038292395: Send: Heartbeat.Alive[0m
[0m2021-04-18 14:35:34 V/Net 1038292395: Recv: Heartbeat.Alive.Response[0m
[0m2021-04-18 14:39:18 V/Net 1038292395: Send: Heartbeat.Alive[0m
[0m2021-04-18 14:39:18 V/Net 1038292395: Recv: Heartbeat.Alive.Response[0m
[0m2021-04-18 14:40:04 V/Net 1038292395: Send: Heartbeat.Alive[0m
[0m2021-04-18 14:40:04 V/Net 1038292395: Recv: Heartbeat.Alive.Response[0m
[0m2021-04-18 14:43:48 V/Net 1038292395: Send: Heartbeat.Alive[0m
[0m2021-04-18 14:43:48 V/Net 1038292395: Recv: Heartbeat.Alive.Response[0m
[0m2021-04-18 14:44:34 V/Net 1038292395: Send: Heartbeat.Alive[0m
[0m2021-04-18 14:44:35 V/Net 1038292395: Recv: Heartbeat.Alive.Response[0m
[0m2021-04-18 14:48:19 V/Net 1038292395: Recv: Heartbeat.Alive.Response[0m
[0m2021-04-18 14:48:19 V/Net 1038292395: Send: Heartbeat.Alive[0m
[0m2021-04-18 14:49:06 V/Net 1038292395: Send: Heartbeat.Alive[0m
[0m2021-04-18 14:49:06 V/Net 1038292395: Recv: Heartbeat.Alive.Response[0m
